2022-11-25 12:27:36: == Sinc. comenzada por User Command
2022-11-25 12:27:36: Crear Carpeta //WALTERSOTELO-PC/SistemaObras/node_modules/uuid
2022-11-25 12:27:36: Crear Carpeta //WALTERSOTELO-PC/SistemaObras/node_modules/uuid/bin
2022-11-25 12:27:36: Crear Carpeta //WALTERSOTELO-PC/SistemaObras/node_modules/uuid/lib
2022-11-25 12:27:36: Copiar Nueva 'D:/Marcos Muni/inspecobrasMdb/node_modules/.bin/uuid' -> '//WALTERSOTELO-PC/SistemaObras/node_modules/.bin/uuid' (294)
2022-11-25 12:27:36: Copiar Nueva 'D:/Marcos Muni/inspecobrasMdb/node_modules/.bin/uuid.ps1' -> '//WALTERSOTELO-PC/SistemaObras/node_modules/.bin/uuid.ps1' (777)
2022-11-25 12:27:36: Copiar Nueva 'D:/Marcos Muni/inspecobrasMdb/node_modules/.bin/uuid.cmd' -> '//WALTERSOTELO-PC/SistemaObras/node_modules/.bin/uuid.cmd' (318)
2022-11-25 12:27:36: Copiar Nueva 'D:/Marcos Muni/inspecobrasMdb/node_modules/uuid/AUTHORS' -> '//WALTERSOTELO-PC/SistemaObras/node_modules/uuid/AUTHORS' (169)
2022-11-25 12:27:36: Copiar Nueva 'D:/Marcos Muni/inspecobrasMdb/node_modules/uuid/bin/uuid' -> '//WALTERSOTELO-PC/SistemaObras/node_modules/uuid/bin/uuid' (1,579)
2022-11-25 12:27:36: Copiar Sobre 'D:/Marcos Muni/inspecobrasMdb/node_modules/.package-lock.json' -> '//WALTERSOTELO-PC/SistemaObras/node_modules/.package-lock.json' (189,562)
2022-11-25 12:27:36: Copiar Nueva 'D:/Marcos Muni/inspecobrasMdb/node_modules/uuid/index.js' -> '//WALTERSOTELO-PC/SistemaObras/node_modules/uuid/index.js' (120)
2022-11-25 12:27:36: Copiar Nueva 'D:/Marcos Muni/inspecobrasMdb/node_modules/uuid/CHANGELOG.md' -> '//WALTERSOTELO-PC/SistemaObras/node_modules/uuid/CHANGELOG.md' (3,768)
2022-11-25 12:27:36: Copiar Nueva 'D:/Marcos Muni/inspecobrasMdb/node_modules/uuid/lib/bytesToUuid.js' -> '//WALTERSOTELO-PC/SistemaObras/node_modules/uuid/lib/bytesToUuid.js' (775)
2022-11-25 12:27:36: Copiar Nueva 'D:/Marcos Muni/inspecobrasMdb/node_modules/uuid/lib/md5.js' -> '//WALTERSOTELO-PC/SistemaObras/node_modules/uuid/lib/md5.js' (576)
2022-11-25 12:27:36: Copiar Nueva 'D:/Marcos Muni/inspecobrasMdb/node_modules/uuid/lib/md5-browser.js' -> '//WALTERSOTELO-PC/SistemaObras/node_modules/uuid/lib/md5-browser.js' (6,824)
2022-11-25 12:27:36: Copiar Nueva 'D:/Marcos Muni/inspecobrasMdb/node_modules/uuid/lib/rng-browser.js' -> '//WALTERSOTELO-PC/SistemaObras/node_modules/uuid/lib/rng-browser.js' (1,312)
2022-11-25 12:27:37: Copiar Nueva 'D:/Marcos Muni/inspecobrasMdb/node_modules/uuid/lib/rng.js' -> '//WALTERSOTELO-PC/SistemaObras/node_modules/uuid/lib/rng.js' (246)
2022-11-25 12:27:37: Copiar Nueva 'D:/Marcos Muni/inspecobrasMdb/node_modules/uuid/lib/sha1.js' -> '//WALTERSOTELO-PC/SistemaObras/node_modules/uuid/lib/sha1.js' (579)
2022-11-25 12:27:37: Copiar Nueva 'D:/Marcos Muni/inspecobrasMdb/node_modules/uuid/lib/sha1-browser.js' -> '//WALTERSOTELO-PC/SistemaObras/node_modules/uuid/lib/sha1-browser.js' (2,338)
2022-11-25 12:27:37: Copiar Nueva 'D:/Marcos Muni/inspecobrasMdb/node_modules/uuid/lib/v35.js' -> '//WALTERSOTELO-PC/SistemaObras/node_modules/uuid/lib/v35.js' (1,622)
2022-11-25 12:27:37: Copiar Nueva 'D:/Marcos Muni/inspecobrasMdb/node_modules/uuid/LICENSE.md' -> '//WALTERSOTELO-PC/SistemaObras/node_modules/uuid/LICENSE.md' (1,109)
2022-11-25 12:27:37: Copiar Nueva 'D:/Marcos Muni/inspecobrasMdb/node_modules/uuid/package.json' -> '//WALTERSOTELO-PC/SistemaObras/node_modules/uuid/package.json' (1,111)
2022-11-25 12:27:37: Copiar Nueva 'D:/Marcos Muni/inspecobrasMdb/node_modules/uuid/v1.js' -> '//WALTERSOTELO-PC/SistemaObras/node_modules/uuid/v1.js' (3,331)
2022-11-25 12:27:37: Copiar Nueva 'D:/Marcos Muni/inspecobrasMdb/node_modules/uuid/README.md' -> '//WALTERSOTELO-PC/SistemaObras/node_modules/uuid/README.md' (7,915)
2022-11-25 12:27:37: Copiar Nueva 'D:/Marcos Muni/inspecobrasMdb/node_modules/uuid/v3.js' -> '//WALTERSOTELO-PC/SistemaObras/node_modules/uuid/v3.js' (106)
2022-11-25 12:27:37: Copiar Nueva 'D:/Marcos Muni/inspecobrasMdb/node_modules/uuid/v4.js' -> '//WALTERSOTELO-PC/SistemaObras/node_modules/uuid/v4.js' (680)
2022-11-25 12:27:37: Copiar Nueva 'D:/Marcos Muni/inspecobrasMdb/node_modules/uuid/v5.js' -> '//WALTERSOTELO-PC/SistemaObras/node_modules/uuid/v5.js' (109)
2022-11-25 12:27:37: Copiar Sobre 'D:/Marcos Muni/inspecobrasMdb/package-lock.json' -> '//WALTERSOTELO-PC/SistemaObras/package-lock.json' (338,826)
2022-11-25 12:27:37: Copiar Sobre 'D:/Marcos Muni/inspecobrasMdb/package.json' -> '//WALTERSOTELO-PC/SistemaObras/package.json' (789)
2022-11-25 12:27:37: Copiar Nueva 'D:/Marcos Muni/inspecobrasMdb/PLANILLA DE EXPEDIENTES -CHAPARRO-1 11-11-22-para MONGO.csv' -> '//WALTERSOTELO-PC/SistemaObras/PLANILLA DE EXPEDIENTES -CHAPARRO-1 11-11-22-para MONGO.csv' (1,015,948)
2022-11-25 12:27:37: Copiar Nueva 'D:/Marcos Muni/inspecobrasMdb/src/public/img/uploads/4328ac0b-3eb0-4aa3-bc26-253bab855e26.jpg' -> '//WALTERSOTELO-PC/SistemaObras/src/public/img/uploads/4328ac0b-3eb0-4aa3-bc26-253bab855e26.jpg' (8,425)
2022-11-25 12:27:37: Copiar Sobre 'D:/Marcos Muni/inspecobrasMdb/src/models/estadistica.js' -> '//WALTERSOTELO-PC/SistemaObras/src/models/estadistica.js' (1,499)
2022-11-25 12:27:37: Copiar Sobre 'D:/Marcos Muni/inspecobrasMdb/src/routes/notes.js' -> '//WALTERSOTELO-PC/SistemaObras/src/routes/notes.js' (32,446)
2022-11-25 12:27:37: Copiar Sobre 'D:/Marcos Muni/inspecobrasMdb/src/views/notes/listestadistica.hbs' -> '//WALTERSOTELO-PC/SistemaObras/src/views/notes/listestadistica.hbs' (2,497)
2022-11-25 12:27:37: Copiar Sobre 'D:/Marcos Muni/inspecobrasMdb/src/views/notes/newestadisticas.hbs' -> '//WALTERSOTELO-PC/SistemaObras/src/views/notes/newestadisticas.hbs' (2,466)
2022-11-25 12:27:37: == Sinc. Completa. Tiempo: 00:00:01, Velocidad: 0.00/s, OK: 34, Errores: 0
