2022-12-07 13:28:06: == Sinc. comenzada por User Command
2022-12-07 13:28:06: Borrar Archivo //WALTERSOTELO-PC/SistemaObras/src/public/img/uploads/1670422513504 - (1).jpg
2022-12-07 13:28:06: Borrar Archivo //WALTERSOTELO-PC/SistemaObras/src/public/img/uploads/1670422513565 - (1).png
2022-12-07 13:28:06: Borrar Archivo //WALTERSOTELO-PC/SistemaObras/src/public/img/uploads/1670422513602 - (10).jpg
2022-12-07 13:28:06: Borrar Archivo //WALTERSOTELO-PC/SistemaObras/src/public/img/uploads/1670422513609 - (11).jpg
2022-12-07 13:28:06: Borrar Archivo //WALTERSOTELO-PC/SistemaObras/src/public/img/uploads/1670422774946 - (1).jpg
2022-12-07 13:28:06: Borrar Archivo //WALTERSOTELO-PC/SistemaObras/src/public/img/uploads/1670422774975 - (1).png
2022-12-07 13:28:07: Copiar Nueva 'D:/Marcos Muni/inspecobrasMdb/src/public/img/uploads/1670425552765 - (10).jpg' -> '//WALTERSOTELO-PC/SistemaObras/src/public/img/uploads/1670425552765 - (10).jpg' (517,593)
2022-12-07 13:28:07: Copiar Nueva 'D:/Marcos Muni/inspecobrasMdb/src/public/img/uploads/1670425552781 - (11).jpg' -> '//WALTERSOTELO-PC/SistemaObras/src/public/img/uploads/1670425552781 - (11).jpg' (683,712)
2022-12-07 13:28:11: Copiar Sobre 'D:/Marcos Muni/inspecobrasMdb/src/models/infraccion.js' -> '//WALTERSOTELO-PC/SistemaObras/src/models/infraccion.js' (5,828)
2022-12-07 13:28:12: Copiar Nueva 'D:/Marcos Muni/inspecobrasMdb/src/public/img/uploads/1670425552947 - (15).jpg' -> '//WALTERSOTELO-PC/SistemaObras/src/public/img/uploads/1670425552947 - (15).jpg' (451,841)
2022-12-07 13:28:12: Copiar Nueva 'D:/Marcos Muni/inspecobrasMdb/src/public/img/uploads/1670425552806 - (14).jpg' -> '//WALTERSOTELO-PC/SistemaObras/src/public/img/uploads/1670425552806 - (14).jpg' (3,961,476)
2022-12-07 13:28:12: Copiar Nueva 'D:/Marcos Muni/inspecobrasMdb/src/public/img/uploads/1670425552963 - (18).jpg' -> '//WALTERSOTELO-PC/SistemaObras/src/public/img/uploads/1670425552963 - (18).jpg' (414,141)
2022-12-07 13:28:13: Copiar Nueva 'D:/Marcos Muni/inspecobrasMdb/src/public/img/uploads/1670425552993 - (100).jpg' -> '//WALTERSOTELO-PC/SistemaObras/src/public/img/uploads/1670425552993 - (100).jpg' (775,293)
2022-12-07 13:28:15: Copiar Nueva 'D:/Marcos Muni/inspecobrasMdb/src/public/img/uploads/1670425636431 - (1).jpg' -> '//WALTERSOTELO-PC/SistemaObras/src/public/img/uploads/1670425636431 - (1).jpg' (1,384,569)
2022-12-07 13:28:16: Copiar Nueva 'D:/Marcos Muni/inspecobrasMdb/src/public/img/uploads/1670425636475 - (1).png' -> '//WALTERSOTELO-PC/SistemaObras/src/public/img/uploads/1670425636475 - (1).png' (1,753,195)
2022-12-07 13:28:16: Copiar Nueva 'D:/Marcos Muni/inspecobrasMdb/src/public/img/uploads/1670425636544 - (10).jpg' -> '//WALTERSOTELO-PC/SistemaObras/src/public/img/uploads/1670425636544 - (10).jpg' (517,593)
2022-12-07 13:28:17: Copiar Nueva 'D:/Marcos Muni/inspecobrasMdb/src/public/img/uploads/1670425636576 - (11).jpg' -> '//WALTERSOTELO-PC/SistemaObras/src/public/img/uploads/1670425636576 - (11).jpg' (683,712)
2022-12-07 13:28:18: Copiar Nueva 'D:/Marcos Muni/inspecobrasMdb/src/public/img/uploads/1670425636609 - (12).jpg' -> '//WALTERSOTELO-PC/SistemaObras/src/public/img/uploads/1670425636609 - (12).jpg' (638,707)
2022-12-07 13:28:22: Copiar Nueva 'D:/Marcos Muni/inspecobrasMdb/src/public/img/uploads/1670425636638 - (13).jpg' -> '//WALTERSOTELO-PC/SistemaObras/src/public/img/uploads/1670425636638 - (13).jpg' (2,042,989)
2022-12-07 13:28:22: Copiar Nueva 'D:/Marcos Muni/inspecobrasMdb/src/public/img/uploads/1670425636848 - (15).jpg' -> '//WALTERSOTELO-PC/SistemaObras/src/public/img/uploads/1670425636848 - (15).jpg' (451,841)
2022-12-07 13:28:22: Copiar Nueva 'D:/Marcos Muni/inspecobrasMdb/src/public/img/uploads/1670425636731 - (14).jpg' -> '//WALTERSOTELO-PC/SistemaObras/src/public/img/uploads/1670425636731 - (14).jpg' (3,961,476)
2022-12-07 13:28:28: Copiar Nueva 'D:/Marcos Muni/inspecobrasMdb/src/public/img/uploads/1670425738715 - (125).jpg' -> '//WALTERSOTELO-PC/SistemaObras/src/public/img/uploads/1670425738715 - (125).jpg' (1,206,723)
2022-12-07 13:28:28: Copiar Nueva 'D:/Marcos Muni/inspecobrasMdb/src/public/img/uploads/1670425738778 - (134).jpg' -> '//WALTERSOTELO-PC/SistemaObras/src/public/img/uploads/1670425738778 - (134).jpg' (1,697,321)
2022-12-07 13:28:28: Copiar Nueva 'D:/Marcos Muni/inspecobrasMdb/src/public/img/uploads/1670425738857 - (136).jpg' -> '//WALTERSOTELO-PC/SistemaObras/src/public/img/uploads/1670425738857 - (136).jpg' (4,016,911)
2022-12-07 13:28:29: Copiar Nueva 'D:/Marcos Muni/inspecobrasMdb/src/public/img/uploads/1670425739016 - (152).jpg' -> '//WALTERSOTELO-PC/SistemaObras/src/public/img/uploads/1670425739016 - (152).jpg' (1,167,167)
2022-12-07 13:28:29: Copiar Sobre 'D:/Marcos Muni/inspecobrasMdb/src/routes/notes.js' -> '//WALTERSOTELO-PC/SistemaObras/src/routes/notes.js' (42,023)
2022-12-07 13:28:29: Copiar Sobre 'D:/Marcos Muni/inspecobrasMdb/src/views/notes/editinfraccion.hbs' -> '//WALTERSOTELO-PC/SistemaObras/src/views/notes/editinfraccion.hbs' (9,361)
2022-12-07 13:28:29: Copiar Sobre 'D:/Marcos Muni/inspecobrasMdb/src/views/notes/listinfraccion.hbs' -> '//WALTERSOTELO-PC/SistemaObras/src/views/notes/listinfraccion.hbs' (11,528)
2022-12-07 13:28:29: Copiar Sobre 'D:/Marcos Muni/inspecobrasMdb/src/views/notes/newestadisticas.hbs' -> '//WALTERSOTELO-PC/SistemaObras/src/views/notes/newestadisticas.hbs' (3,171)
2022-12-07 13:28:29: Copiar Sobre 'D:/Marcos Muni/inspecobrasMdb/src/views/notes/newinfracciones.hbs' -> '//WALTERSOTELO-PC/SistemaObras/src/views/notes/newinfracciones.hbs' (7,210)
2022-12-07 13:28:29: Copiar Sobre 'D:/Marcos Muni/inspecobrasMdb/src/views/notes/newintimaciones.hbs' -> '//WALTERSOTELO-PC/SistemaObras/src/views/notes/newintimaciones.hbs' (5,934)
2022-12-07 13:28:30: == Sinc. Completa. Tiempo: 00:00:24, Velocidad: 1.13 MB/s, OK: 31, Errores: 0
