2022-11-23 13:53:31: == Sinc. comenzada por User Command
2022-11-23 13:53:31: Borrar Archivo //WALTERSOTELO-PC/SistemaObras/src/public/img/Originals/licencia.png
2022-11-23 13:53:31: Borrar Carpeta //WALTERSOTELO-PC/SistemaObras/src/public/img/Originals
2022-11-23 13:53:31: Crear Carpeta //WALTERSOTELO-PC/SistemaObras/.git/objects/01
2022-11-23 13:53:31: Crear Carpeta //WALTERSOTELO-PC/SistemaObras/.git/objects/06
2022-11-23 13:53:31: Crear Carpeta //WALTERSOTELO-PC/SistemaObras/.git/objects/07
2022-11-23 13:53:31: Crear Carpeta //WALTERSOTELO-PC/SistemaObras/.git/objects/0d
2022-11-23 13:53:31: Crear Carpeta //WALTERSOTELO-PC/SistemaObras/.git/objects/17
2022-11-23 13:53:31: Crear Carpeta //WALTERSOTELO-PC/SistemaObras/.git/objects/19
2022-11-23 13:53:31: Crear Carpeta //WALTERSOTELO-PC/SistemaObras/.git/objects/1a
2022-11-23 13:53:31: Crear Carpeta //WALTERSOTELO-PC/SistemaObras/.git/objects/1e
2022-11-23 13:53:31: Crear Carpeta //WALTERSOTELO-PC/SistemaObras/.git/objects/2f
2022-11-23 13:53:31: Crear Carpeta //WALTERSOTELO-PC/SistemaObras/.git/objects/30
2022-11-23 13:53:31: Crear Carpeta //WALTERSOTELO-PC/SistemaObras/.git/objects/33
2022-11-23 13:53:31: Crear Carpeta //WALTERSOTELO-PC/SistemaObras/.git/objects/34
2022-11-23 13:53:31: Crear Carpeta //WALTERSOTELO-PC/SistemaObras/.git/objects/41
2022-11-23 13:53:31: Crear Carpeta //WALTERSOTELO-PC/SistemaObras/.git/objects/47
2022-11-23 13:53:31: Crear Carpeta //WALTERSOTELO-PC/SistemaObras/.git/objects/4a
2022-11-23 13:53:31: Crear Carpeta //WALTERSOTELO-PC/SistemaObras/.git/objects/50
2022-11-23 13:53:31: Crear Carpeta //WALTERSOTELO-PC/SistemaObras/.git/objects/55
2022-11-23 13:53:31: Crear Carpeta //WALTERSOTELO-PC/SistemaObras/.git/objects/60
2022-11-23 13:53:31: Crear Carpeta //WALTERSOTELO-PC/SistemaObras/.git/objects/62
2022-11-23 13:53:31: Crear Carpeta //WALTERSOTELO-PC/SistemaObras/.git/objects/75
2022-11-23 13:53:31: Crear Carpeta //WALTERSOTELO-PC/SistemaObras/.git/objects/7a
2022-11-23 13:53:31: Crear Carpeta //WALTERSOTELO-PC/SistemaObras/.git/objects/7c
2022-11-23 13:53:31: Crear Carpeta //WALTERSOTELO-PC/SistemaObras/.git/objects/7d
2022-11-23 13:53:31: Crear Carpeta //WALTERSOTELO-PC/SistemaObras/.git/objects/9a
2022-11-23 13:53:31: Crear Carpeta //WALTERSOTELO-PC/SistemaObras/.git/objects/9c
2022-11-23 13:53:31: Crear Carpeta //WALTERSOTELO-PC/SistemaObras/.git/objects/9d
2022-11-23 13:53:31: Crear Carpeta //WALTERSOTELO-PC/SistemaObras/.git/objects/af
2022-11-23 13:53:31: Crear Carpeta //WALTERSOTELO-PC/SistemaObras/.git/objects/b3
2022-11-23 13:53:31: Crear Carpeta //WALTERSOTELO-PC/SistemaObras/.git/objects/b7
2022-11-23 13:53:31: Crear Carpeta //WALTERSOTELO-PC/SistemaObras/.git/objects/b8
2022-11-23 13:53:31: Crear Carpeta //WALTERSOTELO-PC/SistemaObras/.git/objects/b9
2022-11-23 13:53:31: Crear Carpeta //WALTERSOTELO-PC/SistemaObras/.git/objects/c4
2022-11-23 13:53:31: Crear Carpeta //WALTERSOTELO-PC/SistemaObras/.git/objects/d1
2022-11-23 13:53:31: Crear Carpeta //WALTERSOTELO-PC/SistemaObras/.git/objects/d5
2022-11-23 13:53:31: Crear Carpeta //WALTERSOTELO-PC/SistemaObras/.git/objects/d9
2022-11-23 13:53:31: Crear Carpeta //WALTERSOTELO-PC/SistemaObras/.git/objects/df
2022-11-23 13:53:31: Crear Carpeta //WALTERSOTELO-PC/SistemaObras/.git/objects/e2
2022-11-23 13:53:32: Crear Carpeta //WALTERSOTELO-PC/SistemaObras/.git/objects/e4
2022-11-23 13:53:32: Crear Carpeta //WALTERSOTELO-PC/SistemaObras/.git/objects/e5
2022-11-23 13:53:32: Crear Carpeta //WALTERSOTELO-PC/SistemaObras/.git/objects/ef
2022-11-23 13:53:32: Crear Carpeta //WALTERSOTELO-PC/SistemaObras/node_modules/append-field
2022-11-23 13:53:32: Crear Carpeta //WALTERSOTELO-PC/SistemaObras/node_modules/append-field/lib
2022-11-23 13:53:32: Crear Carpeta //WALTERSOTELO-PC/SistemaObras/node_modules/append-field/test
2022-11-23 13:53:32: Crear Carpeta //WALTERSOTELO-PC/SistemaObras/node_modules/basic-auth
2022-11-23 13:53:32: Crear Carpeta //WALTERSOTELO-PC/SistemaObras/node_modules/basic-auth/node_modules
2022-11-23 13:53:32: Crear Carpeta //WALTERSOTELO-PC/SistemaObras/node_modules/basic-auth/node_modules/safe-buffer
2022-11-23 13:53:32: Crear Carpeta //WALTERSOTELO-PC/SistemaObras/node_modules/buffer-from
2022-11-23 13:53:32: Crear Carpeta //WALTERSOTELO-PC/SistemaObras/node_modules/busboy
2022-11-23 13:53:32: Crear Carpeta //WALTERSOTELO-PC/SistemaObras/node_modules/busboy/.github
2022-11-23 13:53:32: Crear Carpeta //WALTERSOTELO-PC/SistemaObras/node_modules/busboy/.github/workflows
2022-11-23 13:53:32: Crear Carpeta //WALTERSOTELO-PC/SistemaObras/node_modules/busboy/bench
2022-11-23 13:53:32: Crear Carpeta //WALTERSOTELO-PC/SistemaObras/node_modules/busboy/lib
2022-11-23 13:53:32: Crear Carpeta //WALTERSOTELO-PC/SistemaObras/node_modules/busboy/lib/types
2022-11-23 13:53:32: Crear Carpeta //WALTERSOTELO-PC/SistemaObras/node_modules/busboy/test
2022-11-23 13:53:32: Crear Carpeta //WALTERSOTELO-PC/SistemaObras/node_modules/concat-stream
2022-11-23 13:53:32: Crear Carpeta //WALTERSOTELO-PC/SistemaObras/node_modules/concat-stream/node_modules
2022-11-23 13:53:32: Crear Carpeta //WALTERSOTELO-PC/SistemaObras/node_modules/concat-stream/node_modules/readable-stream
2022-11-23 13:53:32: Crear Carpeta //WALTERSOTELO-PC/SistemaObras/node_modules/concat-stream/node_modules/readable-stream/doc
2022-11-23 13:53:32: Crear Carpeta //WALTERSOTELO-PC/SistemaObras/node_modules/concat-stream/node_modules/readable-stream/doc/wg-meetings
2022-11-23 13:53:32: Crear Carpeta //WALTERSOTELO-PC/SistemaObras/node_modules/concat-stream/node_modules/readable-stream/lib
2022-11-23 13:53:32: Crear Carpeta //WALTERSOTELO-PC/SistemaObras/node_modules/concat-stream/node_modules/readable-stream/lib/internal
2022-11-23 13:53:32: Crear Carpeta //WALTERSOTELO-PC/SistemaObras/node_modules/concat-stream/node_modules/readable-stream/lib/internal/streams
2022-11-23 13:53:32: Crear Carpeta //WALTERSOTELO-PC/SistemaObras/node_modules/concat-stream/node_modules/safe-buffer
2022-11-23 13:53:32: Crear Carpeta //WALTERSOTELO-PC/SistemaObras/node_modules/concat-stream/node_modules/string_decoder
2022-11-23 13:53:32: Crear Carpeta //WALTERSOTELO-PC/SistemaObras/node_modules/concat-stream/node_modules/string_decoder/lib
2022-11-23 13:53:32: Crear Carpeta //WALTERSOTELO-PC/SistemaObras/node_modules/morgan
2022-11-23 13:53:32: Crear Carpeta //WALTERSOTELO-PC/SistemaObras/node_modules/morgan/node_modules
2022-11-23 13:53:32: Crear Carpeta //WALTERSOTELO-PC/SistemaObras/node_modules/morgan/node_modules/on-finished
2022-11-23 13:53:32: Crear Carpeta //WALTERSOTELO-PC/SistemaObras/node_modules/multer
2022-11-23 13:53:32: Crear Carpeta //WALTERSOTELO-PC/SistemaObras/node_modules/multer/lib
2022-11-23 13:53:32: Crear Carpeta //WALTERSOTELO-PC/SistemaObras/node_modules/multer/node_modules
2022-11-23 13:53:32: Crear Carpeta //WALTERSOTELO-PC/SistemaObras/node_modules/multer/node_modules/.bin
2022-11-23 13:53:32: Crear Carpeta //WALTERSOTELO-PC/SistemaObras/node_modules/multer/node_modules/mkdirp
2022-11-23 13:53:32: Crear Carpeta //WALTERSOTELO-PC/SistemaObras/node_modules/multer/node_modules/mkdirp/bin
2022-11-23 13:53:32: Crear Carpeta //WALTERSOTELO-PC/SistemaObras/node_modules/multer/storage
2022-11-23 13:53:32: Crear Carpeta //WALTERSOTELO-PC/SistemaObras/node_modules/streamsearch
2022-11-23 13:53:32: Crear Carpeta //WALTERSOTELO-PC/SistemaObras/node_modules/streamsearch/.github
2022-11-23 13:53:32: Crear Carpeta //WALTERSOTELO-PC/SistemaObras/node_modules/streamsearch/.github/workflows
2022-11-23 13:53:32: Crear Carpeta //WALTERSOTELO-PC/SistemaObras/node_modules/streamsearch/lib
2022-11-23 13:53:32: Crear Carpeta //WALTERSOTELO-PC/SistemaObras/node_modules/streamsearch/test
2022-11-23 13:53:32: Crear Carpeta //WALTERSOTELO-PC/SistemaObras/node_modules/typedarray
2022-11-23 13:53:32: Crear Carpeta //WALTERSOTELO-PC/SistemaObras/node_modules/typedarray/example
2022-11-23 13:53:32: Crear Carpeta //WALTERSOTELO-PC/SistemaObras/node_modules/typedarray/test
2022-11-23 13:53:32: Crear Carpeta //WALTERSOTELO-PC/SistemaObras/node_modules/typedarray/test/server
2022-11-23 13:53:32: Crear Carpeta //WALTERSOTELO-PC/SistemaObras/node_modules/xtend
2022-11-23 13:53:32: Crear Carpeta //WALTERSOTELO-PC/SistemaObras/src/public/img/uploads
2022-11-23 13:53:32: Copiar Sobre 'D:/Marcos Muni/inspecobrasMdb/.git/COMMIT_EDITMSG' -> '//WALTERSOTELO-PC/SistemaObras/.git/COMMIT_EDITMSG' (24)
2022-11-23 13:53:32: Copiar Sobre 'D:/Marcos Muni/inspecobrasMdb/.git/logs/HEAD' -> '//WALTERSOTELO-PC/SistemaObras/.git/logs/HEAD' (952)
2022-11-23 13:53:32: Copiar Sobre 'D:/Marcos Muni/inspecobrasMdb/.git/index' -> '//WALTERSOTELO-PC/SistemaObras/.git/index' (9,257)
2022-11-23 13:53:32: Copiar Nueva 'D:/Marcos Muni/inspecobrasMdb/.git/objects/01/d7a9d5b2357bd30f7d2489a44822044ea83e59' -> '//WALTERSOTELO-PC/SistemaObras/.git/objects/01/d7a9d5b2357bd30f7d2489a44822044ea83e59' (1,029)
2022-11-23 13:53:32: Copiar Nueva 'D:/Marcos Muni/inspecobrasMdb/.git/objects/05/e663b4777e0c5afbf911c19391fe4396f1d7e7' -> '//WALTERSOTELO-PC/SistemaObras/.git/objects/05/e663b4777e0c5afbf911c19391fe4396f1d7e7' (1,068)
2022-11-23 13:53:32: Copiar Sobre 'D:/Marcos Muni/inspecobrasMdb/.git/logs/refs/heads/master' -> '//WALTERSOTELO-PC/SistemaObras/.git/logs/refs/heads/master' (952)
2022-11-23 13:53:32: Copiar Nueva 'D:/Marcos Muni/inspecobrasMdb/.git/objects/06/fd698c333804411763603ae33474f040a20f51' -> '//WALTERSOTELO-PC/SistemaObras/.git/objects/06/fd698c333804411763603ae33474f040a20f51' (1,186)
2022-11-23 13:53:32: Copiar Nueva 'D:/Marcos Muni/inspecobrasMdb/.git/objects/06/5b73c50d0dd564187efb4464d986e479eac448' -> '//WALTERSOTELO-PC/SistemaObras/.git/objects/06/5b73c50d0dd564187efb4464d986e479eac448' (289)
2022-11-23 13:53:32: Copiar Nueva 'D:/Marcos Muni/inspecobrasMdb/.git/objects/07/cb2d276ced52f6e6d7ebd76d7c0a717470341e' -> '//WALTERSOTELO-PC/SistemaObras/.git/objects/07/cb2d276ced52f6e6d7ebd76d7c0a717470341e' (41,710)
2022-11-23 13:53:32: Copiar Nueva 'D:/Marcos Muni/inspecobrasMdb/.git/objects/0d/76f2c9a50367eda94952ed3f77383c67111054' -> '//WALTERSOTELO-PC/SistemaObras/.git/objects/0d/76f2c9a50367eda94952ed3f77383c67111054' (130)
2022-11-23 13:53:32: Copiar Nueva 'D:/Marcos Muni/inspecobrasMdb/.git/objects/12/294028ba125959faf0b6f3089c976a2be273f1' -> '//WALTERSOTELO-PC/SistemaObras/.git/objects/12/294028ba125959faf0b6f3089c976a2be273f1' (113)
2022-11-23 13:53:32: Copiar Nueva 'D:/Marcos Muni/inspecobrasMdb/.git/objects/12/beef421daba7a6503352efda9d449c9c5e6924' -> '//WALTERSOTELO-PC/SistemaObras/.git/objects/12/beef421daba7a6503352efda9d449c9c5e6924' (975)
2022-11-23 13:53:32: Copiar Nueva 'D:/Marcos Muni/inspecobrasMdb/.git/objects/17/85e271a9cbba63446ca7656da6df78f5eb3f92' -> '//WALTERSOTELO-PC/SistemaObras/.git/objects/17/85e271a9cbba63446ca7656da6df78f5eb3f92' (123)
2022-11-23 13:53:32: Copiar Nueva 'D:/Marcos Muni/inspecobrasMdb/.git/objects/18/6a329ef975593c651a77783daa074231ac0b20' -> '//WALTERSOTELO-PC/SistemaObras/.git/objects/18/6a329ef975593c651a77783daa074231ac0b20' (918)
2022-11-23 13:53:32: Copiar Nueva 'D:/Marcos Muni/inspecobrasMdb/.git/objects/19/4672ca2f39aa559065380d60882f925a83fa2d' -> '//WALTERSOTELO-PC/SistemaObras/.git/objects/19/4672ca2f39aa559065380d60882f925a83fa2d' (672)
2022-11-23 13:53:32: Copiar Nueva 'D:/Marcos Muni/inspecobrasMdb/.git/objects/1a/600cd815f249b5c3939d4cc1efd3681ebdb9be' -> '//WALTERSOTELO-PC/SistemaObras/.git/objects/1a/600cd815f249b5c3939d4cc1efd3681ebdb9be' (1,226)
2022-11-23 13:53:32: Copiar Nueva 'D:/Marcos Muni/inspecobrasMdb/.git/objects/1c/5d2aabcbdd21fb55744ac00c10324b6903f089' -> '//WALTERSOTELO-PC/SistemaObras/.git/objects/1c/5d2aabcbdd21fb55744ac00c10324b6903f089' (1,086)
2022-11-23 13:53:32: Copiar Nueva 'D:/Marcos Muni/inspecobrasMdb/.git/objects/1a/fd23a4ed8fd7bc470d17393d832d9280a77d39' -> '//WALTERSOTELO-PC/SistemaObras/.git/objects/1a/fd23a4ed8fd7bc470d17393d832d9280a77d39' (108,591)
2022-11-23 13:53:32: Copiar Nueva 'D:/Marcos Muni/inspecobrasMdb/.git/objects/1e/0c23fa3992efa4924fd964a27cac4e0d95dc48' -> '//WALTERSOTELO-PC/SistemaObras/.git/objects/1e/0c23fa3992efa4924fd964a27cac4e0d95dc48' (656)
2022-11-23 13:53:32: Copiar Nueva 'D:/Marcos Muni/inspecobrasMdb/.git/objects/1e/4de2346db4061d8742bd02639d54e015da8f72' -> '//WALTERSOTELO-PC/SistemaObras/.git/objects/1e/4de2346db4061d8742bd02639d54e015da8f72' (125)
2022-11-23 13:53:32: Copiar Nueva 'D:/Marcos Muni/inspecobrasMdb/.git/objects/2f/57acbc201fdaad0ec2330dc947e1f2e2f57866' -> '//WALTERSOTELO-PC/SistemaObras/.git/objects/2f/57acbc201fdaad0ec2330dc947e1f2e2f57866' (609)
2022-11-23 13:53:32: Copiar Nueva 'D:/Marcos Muni/inspecobrasMdb/.git/objects/30/49c821cba56aeb22832cdcbf5e1b9abe51fd3c' -> '//WALTERSOTELO-PC/SistemaObras/.git/objects/30/49c821cba56aeb22832cdcbf5e1b9abe51fd3c' (1,199)
2022-11-23 13:53:32: Copiar Nueva 'D:/Marcos Muni/inspecobrasMdb/.git/objects/33/e291e50acd51177737cd04264ca930f1b0dd32' -> '//WALTERSOTELO-PC/SistemaObras/.git/objects/33/e291e50acd51177737cd04264ca930f1b0dd32' (1,268)
2022-11-23 13:53:32: Copiar Nueva 'D:/Marcos Muni/inspecobrasMdb/.git/objects/34/42ab5804ccdce6ab49108be54ed87ffe767acf' -> '//WALTERSOTELO-PC/SistemaObras/.git/objects/34/42ab5804ccdce6ab49108be54ed87ffe767acf' (171)
2022-11-23 13:53:32: Copiar Nueva 'D:/Marcos Muni/inspecobrasMdb/.git/objects/41/1cee8cba3559c54019cc599ae52740524cd3e7' -> '//WALTERSOTELO-PC/SistemaObras/.git/objects/41/1cee8cba3559c54019cc599ae52740524cd3e7' (1,770)
2022-11-23 13:53:32: Copiar Nueva 'D:/Marcos Muni/inspecobrasMdb/.git/objects/46/e966aa44126f36491d83c011fb5986f5626a92' -> '//WALTERSOTELO-PC/SistemaObras/.git/objects/46/e966aa44126f36491d83c011fb5986f5626a92' (1,304)
2022-11-23 13:53:32: Copiar Nueva 'D:/Marcos Muni/inspecobrasMdb/.git/objects/47/a8b768db5453ef0032d420ebc0c14399bca8b3' -> '//WALTERSOTELO-PC/SistemaObras/.git/objects/47/a8b768db5453ef0032d420ebc0c14399bca8b3' (990)
2022-11-23 13:53:32: Copiar Nueva 'D:/Marcos Muni/inspecobrasMdb/.git/objects/50/8f378f9d413a3c2a4425f5cdbfa8aaa2691ebd' -> '//WALTERSOTELO-PC/SistemaObras/.git/objects/50/8f378f9d413a3c2a4425f5cdbfa8aaa2691ebd' (541)
2022-11-23 13:53:32: Copiar Nueva 'D:/Marcos Muni/inspecobrasMdb/.git/objects/4c/63caacd381d92e6190e0eb5935c80a7aaca6c5' -> '//WALTERSOTELO-PC/SistemaObras/.git/objects/4c/63caacd381d92e6190e0eb5935c80a7aaca6c5' (54)
2022-11-23 13:53:32: Copiar Nueva 'D:/Marcos Muni/inspecobrasMdb/.git/objects/4a/8e96c84a47d72e8edf676e5d20cf5d8c186ca8' -> '//WALTERSOTELO-PC/SistemaObras/.git/objects/4a/8e96c84a47d72e8edf676e5d20cf5d8c186ca8' (53)
2022-11-23 13:53:32: Copiar Nueva 'D:/Marcos Muni/inspecobrasMdb/.git/objects/55/fd165234e61ad4307652d08015a5e7d9bba601' -> '//WALTERSOTELO-PC/SistemaObras/.git/objects/55/fd165234e61ad4307652d08015a5e7d9bba601' (1,106)
2022-11-23 13:53:32: Copiar Nueva 'D:/Marcos Muni/inspecobrasMdb/.git/objects/52/32834dc22e70e281698857bec243b5fd22d5f6' -> '//WALTERSOTELO-PC/SistemaObras/.git/objects/52/32834dc22e70e281698857bec243b5fd22d5f6' (264)
2022-11-23 13:53:32: Copiar Nueva 'D:/Marcos Muni/inspecobrasMdb/.git/objects/54/1c29e4f3dd86c1538a5b38146c3fb53961d7d6' -> '//WALTERSOTELO-PC/SistemaObras/.git/objects/54/1c29e4f3dd86c1538a5b38146c3fb53961d7d6' (602)
2022-11-23 13:53:32: Copiar Nueva 'D:/Marcos Muni/inspecobrasMdb/.git/objects/59/a17f2348a92516a5693a4823ce0aef447b8ce4' -> '//WALTERSOTELO-PC/SistemaObras/.git/objects/59/a17f2348a92516a5693a4823ce0aef447b8ce4' (318)
2022-11-23 13:53:32: Copiar Nueva 'D:/Marcos Muni/inspecobrasMdb/.git/objects/60/61afca11807c6b64bd9a7f137a7c057403cd39' -> '//WALTERSOTELO-PC/SistemaObras/.git/objects/60/61afca11807c6b64bd9a7f137a7c057403cd39' (215)
2022-11-23 13:53:32: Copiar Nueva 'D:/Marcos Muni/inspecobrasMdb/.git/objects/62/b0027ca23606634508898c09d36e661a0d78da' -> '//WALTERSOTELO-PC/SistemaObras/.git/objects/62/b0027ca23606634508898c09d36e661a0d78da' (329)
2022-11-23 13:53:32: Copiar Nueva 'D:/Marcos Muni/inspecobrasMdb/.git/objects/6d/75f5d7164943087a1900a7de80ba5bdaab9c76' -> '//WALTERSOTELO-PC/SistemaObras/.git/objects/6d/75f5d7164943087a1900a7de80ba5bdaab9c76' (4,417)
2022-11-23 13:53:32: Copiar Nueva 'D:/Marcos Muni/inspecobrasMdb/.git/objects/6e/7f655ffad404e0aaac99400fdc0a0b3aeb79da' -> '//WALTERSOTELO-PC/SistemaObras/.git/objects/6e/7f655ffad404e0aaac99400fdc0a0b3aeb79da' (82)
2022-11-23 13:53:32: Copiar Nueva 'D:/Marcos Muni/inspecobrasMdb/.git/objects/75/f39f8769f13bca3a5b27247a568def343d1edd' -> '//WALTERSOTELO-PC/SistemaObras/.git/objects/75/f39f8769f13bca3a5b27247a568def343d1edd' (40,752)
2022-11-23 13:53:32: Copiar Nueva 'D:/Marcos Muni/inspecobrasMdb/.git/objects/7a/974ce76dd6a442ba6e509d7a1f1ff09b5383e6' -> '//WALTERSOTELO-PC/SistemaObras/.git/objects/7a/974ce76dd6a442ba6e509d7a1f1ff09b5383e6' (1,717)
2022-11-23 13:53:32: Copiar Nueva 'D:/Marcos Muni/inspecobrasMdb/.git/objects/7d/53275fce14fa13169a0c9ec31ea1ce736cd151' -> '//WALTERSOTELO-PC/SistemaObras/.git/objects/7d/53275fce14fa13169a0c9ec31ea1ce736cd151' (1,237)
2022-11-23 13:53:32: Copiar Nueva 'D:/Marcos Muni/inspecobrasMdb/.git/objects/7c/44d08687a379c1e4bfec9d981a88d1cbc4511b' -> '//WALTERSOTELO-PC/SistemaObras/.git/objects/7c/44d08687a379c1e4bfec9d981a88d1cbc4511b' (89,589)
2022-11-23 13:53:32: Copiar Nueva 'D:/Marcos Muni/inspecobrasMdb/.git/objects/90/170b8d1d29fbb801dffee8aee511447f562b65' -> '//WALTERSOTELO-PC/SistemaObras/.git/objects/90/170b8d1d29fbb801dffee8aee511447f562b65' (785)
2022-11-23 13:53:32: Copiar Nueva 'D:/Marcos Muni/inspecobrasMdb/.git/objects/96/2b53e71505919e3af3ef84cd99fabb27847894' -> '//WALTERSOTELO-PC/SistemaObras/.git/objects/96/2b53e71505919e3af3ef84cd99fabb27847894' (82)
2022-11-23 13:53:32: Copiar Nueva 'D:/Marcos Muni/inspecobrasMdb/.git/objects/9a/4edb45a114c024f03372134028e3587c1d128a' -> '//WALTERSOTELO-PC/SistemaObras/.git/objects/9a/4edb45a114c024f03372134028e3587c1d128a' (789)
2022-11-23 13:53:32: Copiar Nueva 'D:/Marcos Muni/inspecobrasMdb/.git/objects/9d/c57fa3fdef5b1951635ccc63e7048386c3dfc1' -> '//WALTERSOTELO-PC/SistemaObras/.git/objects/9d/c57fa3fdef5b1951635ccc63e7048386c3dfc1' (177)
2022-11-23 13:53:32: Copiar Nueva 'D:/Marcos Muni/inspecobrasMdb/.git/objects/9c/ce8b31555305c26a64b90e5b641271d37d5b89' -> '//WALTERSOTELO-PC/SistemaObras/.git/objects/9c/ce8b31555305c26a64b90e5b641271d37d5b89' (73)
2022-11-23 13:53:32: Copiar Nueva 'D:/Marcos Muni/inspecobrasMdb/.git/objects/a0/8dfbdf4e90371c9d56a397034dee87ec2e1cdd' -> '//WALTERSOTELO-PC/SistemaObras/.git/objects/a0/8dfbdf4e90371c9d56a397034dee87ec2e1cdd' (1,074)
2022-11-23 13:53:32: Copiar Nueva 'D:/Marcos Muni/inspecobrasMdb/.git/objects/b3/8fdfebfd1d3a00a9078d47e412df9b2c31a10d' -> '//WALTERSOTELO-PC/SistemaObras/.git/objects/b3/8fdfebfd1d3a00a9078d47e412df9b2c31a10d' (1,186)
2022-11-23 13:53:32: Copiar Nueva 'D:/Marcos Muni/inspecobrasMdb/.git/objects/b7/0d52da9a243e291d48c4fa3670fa49488defa6' -> '//WALTERSOTELO-PC/SistemaObras/.git/objects/b7/0d52da9a243e291d48c4fa3670fa49488defa6' (319)
2022-11-23 13:53:32: Copiar Nueva 'D:/Marcos Muni/inspecobrasMdb/.git/objects/af/9b56549e647db54848a8d3505fff2f41ac5908' -> '//WALTERSOTELO-PC/SistemaObras/.git/objects/af/9b56549e647db54848a8d3505fff2f41ac5908' (458)
2022-11-23 13:53:32: Copiar Nueva 'D:/Marcos Muni/inspecobrasMdb/.git/objects/b8/199f62ef7aecf01fba4d5eab3a6b60310fcf25' -> '//WALTERSOTELO-PC/SistemaObras/.git/objects/b8/199f62ef7aecf01fba4d5eab3a6b60310fcf25' (261)
2022-11-23 13:53:32: Copiar Nueva 'D:/Marcos Muni/inspecobrasMdb/.git/objects/b8/a6bf337eecb911ecad5d5e44cb954fc981209b' -> '//WALTERSOTELO-PC/SistemaObras/.git/objects/b8/a6bf337eecb911ecad5d5e44cb954fc981209b' (1,162)
2022-11-23 13:53:32: Copiar Nueva 'D:/Marcos Muni/inspecobrasMdb/.git/objects/b9/2c369ae52d33a27d0f2cfeb0a7095314791012' -> '//WALTERSOTELO-PC/SistemaObras/.git/objects/b9/2c369ae52d33a27d0f2cfeb0a7095314791012' (525)
2022-11-23 13:53:32: Copiar Nueva 'D:/Marcos Muni/inspecobrasMdb/.git/objects/bd/1d1ab98f3ee31bb8ba8925c03cea43d86bab4d' -> '//WALTERSOTELO-PC/SistemaObras/.git/objects/bd/1d1ab98f3ee31bb8ba8925c03cea43d86bab4d' (781)
2022-11-23 13:53:32: Copiar Nueva 'D:/Marcos Muni/inspecobrasMdb/.git/objects/bf/0bd5e3a201a89c1fcc9877d3a6c1f5fd76d761' -> '//WALTERSOTELO-PC/SistemaObras/.git/objects/bf/0bd5e3a201a89c1fcc9877d3a6c1f5fd76d761' (270)
2022-11-23 13:53:32: Copiar Nueva 'D:/Marcos Muni/inspecobrasMdb/.git/objects/bd/539aee8660b724b471209170415b57f0dc60a1' -> '//WALTERSOTELO-PC/SistemaObras/.git/objects/bd/539aee8660b724b471209170415b57f0dc60a1' (563)
2022-11-23 13:53:32: Copiar Nueva 'D:/Marcos Muni/inspecobrasMdb/.git/objects/c4/736fc460e5c3adfc8bf9d602518ee3ee9506d9' -> '//WALTERSOTELO-PC/SistemaObras/.git/objects/c4/736fc460e5c3adfc8bf9d602518ee3ee9506d9' (1,148)
2022-11-23 13:53:32: Copiar Nueva 'D:/Marcos Muni/inspecobrasMdb/.git/objects/ca/028fd42ee8e527becb7387344ed0d727885605' -> '//WALTERSOTELO-PC/SistemaObras/.git/objects/ca/028fd42ee8e527becb7387344ed0d727885605' (132)
2022-11-23 13:53:32: Copiar Nueva 'D:/Marcos Muni/inspecobrasMdb/.git/objects/cd/35b5dd33e93a4f92605466d3a12206df1582ea' -> '//WALTERSOTELO-PC/SistemaObras/.git/objects/cd/35b5dd33e93a4f92605466d3a12206df1582ea' (997)
2022-11-23 13:53:32: Copiar Nueva 'D:/Marcos Muni/inspecobrasMdb/.git/objects/d0/cc70e029d2ef5d7e4dac2175f5591428f71e26' -> '//WALTERSOTELO-PC/SistemaObras/.git/objects/d0/cc70e029d2ef5d7e4dac2175f5591428f71e26' (218)
2022-11-23 13:53:33: Copiar Nueva 'D:/Marcos Muni/inspecobrasMdb/.git/objects/d5/77d43f214d461df353ab87f7be340bccd5ee66' -> '//WALTERSOTELO-PC/SistemaObras/.git/objects/d5/77d43f214d461df353ab87f7be340bccd5ee66' (833)
2022-11-23 13:53:33: Copiar Nueva 'D:/Marcos Muni/inspecobrasMdb/.git/objects/d1/354c84b5844ce0474e3dfaea55790b8b272daf' -> '//WALTERSOTELO-PC/SistemaObras/.git/objects/d1/354c84b5844ce0474e3dfaea55790b8b272daf' (373)
2022-11-23 13:53:33: Copiar Nueva 'D:/Marcos Muni/inspecobrasMdb/.git/objects/d5/fe7d0ad0c49ff65948902c55a00ef7cc9ed424' -> '//WALTERSOTELO-PC/SistemaObras/.git/objects/d5/fe7d0ad0c49ff65948902c55a00ef7cc9ed424' (1,240)
2022-11-23 13:53:33: Copiar Nueva 'D:/Marcos Muni/inspecobrasMdb/.git/objects/d9/7a405d30d49c0a172f6112e31c523930db7f93' -> '//WALTERSOTELO-PC/SistemaObras/.git/objects/d9/7a405d30d49c0a172f6112e31c523930db7f93' (976)
2022-11-23 13:53:33: Copiar Nueva 'D:/Marcos Muni/inspecobrasMdb/.git/objects/df/29f53c83eb28b79a067cd76acb9b80ce6ef7ee' -> '//WALTERSOTELO-PC/SistemaObras/.git/objects/df/29f53c83eb28b79a067cd76acb9b80ce6ef7ee' (1,063)
2022-11-23 13:53:33: Copiar Nueva 'D:/Marcos Muni/inspecobrasMdb/.git/objects/e1/0ac97e90bfb18b77dae6649f52b2b83a4467d9' -> '//WALTERSOTELO-PC/SistemaObras/.git/objects/e1/0ac97e90bfb18b77dae6649f52b2b83a4467d9' (995)
2022-11-23 13:53:33: Copiar Nueva 'D:/Marcos Muni/inspecobrasMdb/.git/objects/e2/4bd8ce80d64a8d37caef0155db511a7397d48d' -> '//WALTERSOTELO-PC/SistemaObras/.git/objects/e2/4bd8ce80d64a8d37caef0155db511a7397d48d' (1,036)
2022-11-23 13:53:33: Copiar Nueva 'D:/Marcos Muni/inspecobrasMdb/.git/objects/e1/aff1228bf8b9b645689ba1485f16f79769b559' -> '//WALTERSOTELO-PC/SistemaObras/.git/objects/e1/aff1228bf8b9b645689ba1485f16f79769b559' (235)
2022-11-23 13:53:33: Copiar Nueva 'D:/Marcos Muni/inspecobrasMdb/.git/objects/e4/90f93c867b60bee2e57c9ced6ab5db83960dad' -> '//WALTERSOTELO-PC/SistemaObras/.git/objects/e4/90f93c867b60bee2e57c9ced6ab5db83960dad' (454)
2022-11-23 13:53:33: Copiar Nueva 'D:/Marcos Muni/inspecobrasMdb/.git/objects/e8/35192f671ef48b4e74fdf82b5d9d291fc2fd00' -> '//WALTERSOTELO-PC/SistemaObras/.git/objects/e8/35192f671ef48b4e74fdf82b5d9d291fc2fd00' (328)
2022-11-23 13:53:33: Copiar Nueva 'D:/Marcos Muni/inspecobrasMdb/.git/objects/e5/79819f7e2b0e1af69a4d33ec8c1b40b433a2e0' -> '//WALTERSOTELO-PC/SistemaObras/.git/objects/e5/79819f7e2b0e1af69a4d33ec8c1b40b433a2e0' (947)
2022-11-23 13:53:33: Copiar Nueva 'D:/Marcos Muni/inspecobrasMdb/.git/objects/ef/2a0167af680a80ce0215c9922e1b6f003da581' -> '//WALTERSOTELO-PC/SistemaObras/.git/objects/ef/2a0167af680a80ce0215c9922e1b6f003da581' (928)
2022-11-23 13:53:33: Copiar Nueva 'D:/Marcos Muni/inspecobrasMdb/.git/objects/f3/071312e72e2d2f3aa2f56d31043393fe3b1a2f' -> '//WALTERSOTELO-PC/SistemaObras/.git/objects/f3/071312e72e2d2f3aa2f56d31043393fe3b1a2f' (706)
2022-11-23 13:53:33: Copiar Sobre 'D:/Marcos Muni/inspecobrasMdb/node_modules/.package-lock.json' -> '//WALTERSOTELO-PC/SistemaObras/node_modules/.package-lock.json' (189,053)
2022-11-23 13:53:33: Copiar Sobre 'D:/Marcos Muni/inspecobrasMdb/.git/refs/heads/master' -> '//WALTERSOTELO-PC/SistemaObras/.git/refs/heads/master' (41)
2022-11-23 13:53:33: Copiar Nueva 'D:/Marcos Muni/inspecobrasMdb/node_modules/append-field/.npmignore' -> '//WALTERSOTELO-PC/SistemaObras/node_modules/append-field/.npmignore' (14)
2022-11-23 13:53:33: Copiar Nueva 'D:/Marcos Muni/inspecobrasMdb/node_modules/append-field/index.js' -> '//WALTERSOTELO-PC/SistemaObras/node_modules/append-field/index.js' (307)
2022-11-23 13:53:33: Copiar Nueva 'D:/Marcos Muni/inspecobrasMdb/node_modules/append-field/lib/parse-path.js' -> '//WALTERSOTELO-PC/SistemaObras/node_modules/append-field/lib/parse-path.js' (1,112)
2022-11-23 13:53:33: Copiar Nueva 'D:/Marcos Muni/inspecobrasMdb/node_modules/append-field/lib/set-value.js' -> '//WALTERSOTELO-PC/SistemaObras/node_modules/append-field/lib/set-value.js' (1,642)
2022-11-23 13:53:33: Copiar Nueva 'D:/Marcos Muni/inspecobrasMdb/node_modules/append-field/LICENSE' -> '//WALTERSOTELO-PC/SistemaObras/node_modules/append-field/LICENSE' (1,082)
2022-11-23 13:53:33: Copiar Nueva 'D:/Marcos Muni/inspecobrasMdb/node_modules/append-field/package.json' -> '//WALTERSOTELO-PC/SistemaObras/node_modules/append-field/package.json' (416)
2022-11-23 13:53:33: Copiar Nueva 'D:/Marcos Muni/inspecobrasMdb/node_modules/append-field/README.md' -> '//WALTERSOTELO-PC/SistemaObras/node_modules/append-field/README.md' (1,016)
2022-11-23 13:53:33: Copiar Nueva 'D:/Marcos Muni/inspecobrasMdb/node_modules/append-field/test/forms.js' -> '//WALTERSOTELO-PC/SistemaObras/node_modules/append-field/test/forms.js' (450)
2022-11-23 13:53:33: Copiar Nueva 'D:/Marcos Muni/inspecobrasMdb/node_modules/basic-auth/HISTORY.md' -> '//WALTERSOTELO-PC/SistemaObras/node_modules/basic-auth/HISTORY.md' (1,052)
2022-11-23 13:53:33: Copiar Nueva 'D:/Marcos Muni/inspecobrasMdb/node_modules/basic-auth/index.js' -> '//WALTERSOTELO-PC/SistemaObras/node_modules/basic-auth/index.js' (2,361)
2022-11-23 13:53:33: Copiar Nueva 'D:/Marcos Muni/inspecobrasMdb/node_modules/basic-auth/node_modules/safe-buffer/index.d.ts' -> '//WALTERSOTELO-PC/SistemaObras/node_modules/basic-auth/node_modules/safe-buffer/index.d.ts' (8,738)
2022-11-23 13:53:33: Copiar Nueva 'D:/Marcos Muni/inspecobrasMdb/node_modules/basic-auth/LICENSE' -> '//WALTERSOTELO-PC/SistemaObras/node_modules/basic-auth/LICENSE' (1,206)
2022-11-23 13:53:33: Copiar Nueva 'D:/Marcos Muni/inspecobrasMdb/node_modules/basic-auth/node_modules/safe-buffer/index.js' -> '//WALTERSOTELO-PC/SistemaObras/node_modules/basic-auth/node_modules/safe-buffer/index.js' (1,529)
2022-11-23 13:53:33: Copiar Nueva 'D:/Marcos Muni/inspecobrasMdb/node_modules/basic-auth/node_modules/safe-buffer/LICENSE' -> '//WALTERSOTELO-PC/SistemaObras/node_modules/basic-auth/node_modules/safe-buffer/LICENSE' (1,081)
2022-11-23 13:53:33: Copiar Nueva 'D:/Marcos Muni/inspecobrasMdb/node_modules/basic-auth/node_modules/safe-buffer/package.json' -> '//WALTERSOTELO-PC/SistemaObras/node_modules/basic-auth/node_modules/safe-buffer/package.json' (783)
2022-11-23 13:53:33: Copiar Nueva 'D:/Marcos Muni/inspecobrasMdb/node_modules/basic-auth/package.json' -> '//WALTERSOTELO-PC/SistemaObras/node_modules/basic-auth/package.json' (1,084)
2022-11-23 13:53:33: Copiar Nueva 'D:/Marcos Muni/inspecobrasMdb/node_modules/basic-auth/node_modules/safe-buffer/README.md' -> '//WALTERSOTELO-PC/SistemaObras/node_modules/basic-auth/node_modules/safe-buffer/README.md' (19,555)
2022-11-23 13:53:33: Copiar Nueva 'D:/Marcos Muni/inspecobrasMdb/node_modules/basic-auth/README.md' -> '//WALTERSOTELO-PC/SistemaObras/node_modules/basic-auth/README.md' (3,192)
2022-11-23 13:53:33: Copiar Nueva 'D:/Marcos Muni/inspecobrasMdb/node_modules/buffer-from/LICENSE' -> '//WALTERSOTELO-PC/SistemaObras/node_modules/buffer-from/LICENSE' (1,078)
2022-11-23 13:53:33: Copiar Nueva 'D:/Marcos Muni/inspecobrasMdb/node_modules/buffer-from/index.js' -> '//WALTERSOTELO-PC/SistemaObras/node_modules/buffer-from/index.js' (1,675)
2022-11-23 13:53:33: Copiar Nueva 'D:/Marcos Muni/inspecobrasMdb/node_modules/buffer-from/package.json' -> '//WALTERSOTELO-PC/SistemaObras/node_modules/buffer-from/package.json' (304)
2022-11-23 13:53:33: Copiar Nueva 'D:/Marcos Muni/inspecobrasMdb/node_modules/busboy/.github/workflows/ci.yml' -> '//WALTERSOTELO-PC/SistemaObras/node_modules/busboy/.github/workflows/ci.yml' (518)
2022-11-23 13:53:33: Copiar Nueva 'D:/Marcos Muni/inspecobrasMdb/node_modules/buffer-from/readme.md' -> '//WALTERSOTELO-PC/SistemaObras/node_modules/buffer-from/readme.md' (1,990)
2022-11-23 13:53:33: Copiar Nueva 'D:/Marcos Muni/inspecobrasMdb/node_modules/busboy/.eslintrc.js' -> '//WALTERSOTELO-PC/SistemaObras/node_modules/busboy/.eslintrc.js' (73)
2022-11-23 13:53:33: Copiar Nueva 'D:/Marcos Muni/inspecobrasMdb/node_modules/busboy/.github/workflows/lint.yml' -> '//WALTERSOTELO-PC/SistemaObras/node_modules/busboy/.github/workflows/lint.yml' (471)
2022-11-23 13:53:33: Copiar Nueva 'D:/Marcos Muni/inspecobrasMdb/node_modules/busboy/bench/bench-multipart-fields-100mb-big.js' -> '//WALTERSOTELO-PC/SistemaObras/node_modules/busboy/bench/bench-multipart-fields-100mb-big.js' (3,178)
2022-11-23 13:53:33: Copiar Nueva 'D:/Marcos Muni/inspecobrasMdb/node_modules/busboy/bench/bench-multipart-fields-100mb-small.js' -> '//WALTERSOTELO-PC/SistemaObras/node_modules/busboy/bench/bench-multipart-fields-100mb-small.js' (3,169)
2022-11-23 13:53:33: Copiar Nueva 'D:/Marcos Muni/inspecobrasMdb/node_modules/busboy/bench/bench-multipart-files-100mb-big.js' -> '//WALTERSOTELO-PC/SistemaObras/node_modules/busboy/bench/bench-multipart-files-100mb-big.js' (3,349)
2022-11-23 13:53:33: Copiar Nueva 'D:/Marcos Muni/inspecobrasMdb/node_modules/busboy/bench/bench-multipart-files-100mb-small.js' -> '//WALTERSOTELO-PC/SistemaObras/node_modules/busboy/bench/bench-multipart-files-100mb-small.js' (3,340)
2022-11-23 13:53:33: Copiar Nueva 'D:/Marcos Muni/inspecobrasMdb/node_modules/busboy/bench/bench-urlencoded-fields-100pairs-small.js' -> '//WALTERSOTELO-PC/SistemaObras/node_modules/busboy/bench/bench-urlencoded-fields-100pairs-small.js' (2,211)
2022-11-23 13:53:33: Copiar Nueva 'D:/Marcos Muni/inspecobrasMdb/node_modules/busboy/bench/bench-urlencoded-fields-900pairs-small-alt.js' -> '//WALTERSOTELO-PC/SistemaObras/node_modules/busboy/bench/bench-urlencoded-fields-900pairs-small-alt.js' (1,808)
2022-11-23 13:53:33: Copiar Nueva 'D:/Marcos Muni/inspecobrasMdb/node_modules/busboy/lib/index.js' -> '//WALTERSOTELO-PC/SistemaObras/node_modules/busboy/lib/index.js' (1,576)
2022-11-23 13:53:33: Copiar Nueva 'D:/Marcos Muni/inspecobrasMdb/node_modules/busboy/lib/types/multipart.js' -> '//WALTERSOTELO-PC/SistemaObras/node_modules/busboy/lib/types/multipart.js' (18,985)
2022-11-23 13:53:33: Copiar Nueva 'D:/Marcos Muni/inspecobrasMdb/node_modules/busboy/lib/types/urlencoded.js' -> '//WALTERSOTELO-PC/SistemaObras/node_modules/busboy/lib/types/urlencoded.js' (10,705)
2022-11-23 13:53:33: Copiar Nueva 'D:/Marcos Muni/inspecobrasMdb/node_modules/busboy/LICENSE' -> '//WALTERSOTELO-PC/SistemaObras/node_modules/busboy/LICENSE' (1,067)
2022-11-23 13:53:33: Copiar Nueva 'D:/Marcos Muni/inspecobrasMdb/node_modules/busboy/package.json' -> '//WALTERSOTELO-PC/SistemaObras/node_modules/busboy/package.json' (810)
2022-11-23 13:53:33: Copiar Nueva 'D:/Marcos Muni/inspecobrasMdb/node_modules/busboy/lib/utils.js' -> '//WALTERSOTELO-PC/SistemaObras/node_modules/busboy/lib/utils.js' (16,220)
2022-11-23 13:53:33: Copiar Nueva 'D:/Marcos Muni/inspecobrasMdb/node_modules/busboy/README.md' -> '//WALTERSOTELO-PC/SistemaObras/node_modules/busboy/README.md' (7,926)
2022-11-23 13:53:33: Copiar Nueva 'D:/Marcos Muni/inspecobrasMdb/node_modules/busboy/test/test-types-multipart-charsets.js' -> '//WALTERSOTELO-PC/SistemaObras/node_modules/busboy/test/test-types-multipart-charsets.js' (2,061)
2022-11-23 13:53:33: Copiar Nueva 'D:/Marcos Muni/inspecobrasMdb/node_modules/busboy/test/common.js' -> '//WALTERSOTELO-PC/SistemaObras/node_modules/busboy/test/common.js' (2,799)
2022-11-23 13:53:33: Copiar Nueva 'D:/Marcos Muni/inspecobrasMdb/node_modules/busboy/test/test-types-multipart-stream-pause.js' -> '//WALTERSOTELO-PC/SistemaObras/node_modules/busboy/test/test-types-multipart-stream-pause.js' (2,369)
2022-11-23 13:53:33: Copiar Nueva 'D:/Marcos Muni/inspecobrasMdb/node_modules/busboy/test/test-types-multipart.js' -> '//WALTERSOTELO-PC/SistemaObras/node_modules/busboy/test/test-types-multipart.js' (30,013)
2022-11-23 13:53:33: Copiar Nueva 'D:/Marcos Muni/inspecobrasMdb/node_modules/busboy/test/test-types-urlencoded.js' -> '//WALTERSOTELO-PC/SistemaObras/node_modules/busboy/test/test-types-urlencoded.js' (11,210)
2022-11-23 13:53:33: Copiar Nueva 'D:/Marcos Muni/inspecobrasMdb/node_modules/concat-stream/LICENSE' -> '//WALTERSOTELO-PC/SistemaObras/node_modules/concat-stream/LICENSE' (1,084)
2022-11-23 13:53:33: Copiar Nueva 'D:/Marcos Muni/inspecobrasMdb/node_modules/busboy/test/test.js' -> '//WALTERSOTELO-PC/SistemaObras/node_modules/busboy/test/test.js' (539)
2022-11-23 13:53:33: Copiar Nueva 'D:/Marcos Muni/inspecobrasMdb/node_modules/concat-stream/index.js' -> '//WALTERSOTELO-PC/SistemaObras/node_modules/concat-stream/index.js' (3,775)
2022-11-23 13:53:33: Copiar Nueva 'D:/Marcos Muni/inspecobrasMdb/node_modules/concat-stream/node_modules/readable-stream/.travis.yml' -> '//WALTERSOTELO-PC/SistemaObras/node_modules/concat-stream/node_modules/readable-stream/.travis.yml' (991)
2022-11-23 13:53:33: Copiar Nueva 'D:/Marcos Muni/inspecobrasMdb/node_modules/concat-stream/node_modules/readable-stream/CONTRIBUTING.md' -> '//WALTERSOTELO-PC/SistemaObras/node_modules/concat-stream/node_modules/readable-stream/CONTRIBUTING.md' (1,443)
2022-11-23 13:53:33: Copiar Nueva 'D:/Marcos Muni/inspecobrasMdb/node_modules/concat-stream/node_modules/readable-stream/doc/wg-meetings/2015-01-30.md' -> '//WALTERSOTELO-PC/SistemaObras/node_modules/concat-stream/node_modules/readable-stream/doc/wg-meetings/2015-01-30.md' (2,280)
2022-11-23 13:53:33: Copiar Nueva 'D:/Marcos Muni/inspecobrasMdb/node_modules/concat-stream/node_modules/readable-stream/duplex.js' -> '//WALTERSOTELO-PC/SistemaObras/node_modules/concat-stream/node_modules/readable-stream/duplex.js' (46)
2022-11-23 13:53:33: Copiar Nueva 'D:/Marcos Muni/inspecobrasMdb/node_modules/concat-stream/node_modules/readable-stream/duplex-browser.js' -> '//WALTERSOTELO-PC/SistemaObras/node_modules/concat-stream/node_modules/readable-stream/duplex-browser.js' (53)
2022-11-23 13:53:33: Copiar Nueva 'D:/Marcos Muni/inspecobrasMdb/node_modules/concat-stream/node_modules/readable-stream/GOVERNANCE.md' -> '//WALTERSOTELO-PC/SistemaObras/node_modules/concat-stream/node_modules/readable-stream/GOVERNANCE.md' (5,550)
2022-11-23 13:53:33: Copiar Nueva 'D:/Marcos Muni/inspecobrasMdb/node_modules/concat-stream/node_modules/readable-stream/lib/_stream_passthrough.js' -> '//WALTERSOTELO-PC/SistemaObras/node_modules/concat-stream/node_modules/readable-stream/lib/_stream_passthrough.js' (1,753)
2022-11-23 13:53:33: Copiar Nueva 'D:/Marcos Muni/inspecobrasMdb/node_modules/concat-stream/node_modules/readable-stream/lib/_stream_duplex.js' -> '//WALTERSOTELO-PC/SistemaObras/node_modules/concat-stream/node_modules/readable-stream/lib/_stream_duplex.js' (4,015)
2022-11-23 13:53:33: Copiar Nueva 'D:/Marcos Muni/inspecobrasMdb/node_modules/concat-stream/node_modules/readable-stream/lib/_stream_readable.js' -> '//WALTERSOTELO-PC/SistemaObras/node_modules/concat-stream/node_modules/readable-stream/lib/_stream_readable.js' (31,324)
2022-11-23 13:53:33: Copiar Nueva 'D:/Marcos Muni/inspecobrasMdb/node_modules/concat-stream/node_modules/readable-stream/lib/_stream_transform.js' -> '//WALTERSOTELO-PC/SistemaObras/node_modules/concat-stream/node_modules/readable-stream/lib/_stream_transform.js' (7,742)
2022-11-23 13:53:33: Copiar Nueva 'D:/Marcos Muni/inspecobrasMdb/node_modules/concat-stream/node_modules/readable-stream/lib/_stream_writable.js' -> '//WALTERSOTELO-PC/SistemaObras/node_modules/concat-stream/node_modules/readable-stream/lib/_stream_writable.js' (20,317)
2022-11-23 13:53:33: Copiar Nueva 'D:/Marcos Muni/inspecobrasMdb/node_modules/concat-stream/node_modules/readable-stream/lib/internal/streams/BufferList.js' -> '//WALTERSOTELO-PC/SistemaObras/node_modules/concat-stream/node_modules/readable-stream/lib/internal/streams/BufferList.js' (2,059)
2022-11-23 13:53:33: Copiar Nueva 'D:/Marcos Muni/inspecobrasMdb/node_modules/concat-stream/node_modules/readable-stream/lib/internal/streams/destroy.js' -> '//WALTERSOTELO-PC/SistemaObras/node_modules/concat-stream/node_modules/readable-stream/lib/internal/streams/destroy.js' (1,849)
2022-11-23 13:53:33: Copiar Nueva 'D:/Marcos Muni/inspecobrasMdb/node_modules/concat-stream/node_modules/readable-stream/lib/internal/streams/stream-browser.js' -> '//WALTERSOTELO-PC/SistemaObras/node_modules/concat-stream/node_modules/readable-stream/lib/internal/streams/stream-browser.js' (49)
2022-11-23 13:53:33: Copiar Nueva 'D:/Marcos Muni/inspecobrasMdb/node_modules/concat-stream/node_modules/readable-stream/lib/internal/streams/stream.js' -> '//WALTERSOTELO-PC/SistemaObras/node_modules/concat-stream/node_modules/readable-stream/lib/internal/streams/stream.js' (36)
2022-11-23 13:53:33: Copiar Nueva 'D:/Marcos Muni/inspecobrasMdb/node_modules/concat-stream/node_modules/readable-stream/package.json' -> '//WALTERSOTELO-PC/SistemaObras/node_modules/concat-stream/node_modules/readable-stream/package.json' (1,370)
2022-11-23 13:53:33: Copiar Nueva 'D:/Marcos Muni/inspecobrasMdb/node_modules/concat-stream/node_modules/readable-stream/LICENSE' -> '//WALTERSOTELO-PC/SistemaObras/node_modules/concat-stream/node_modules/readable-stream/LICENSE' (2,337)
2022-11-23 13:53:33: Copiar Nueva 'D:/Marcos Muni/inspecobrasMdb/node_modules/concat-stream/node_modules/readable-stream/passthrough.js' -> '//WALTERSOTELO-PC/SistemaObras/node_modules/concat-stream/node_modules/readable-stream/passthrough.js' (51)
2022-11-23 13:53:33: Copiar Nueva 'D:/Marcos Muni/inspecobrasMdb/node_modules/concat-stream/node_modules/readable-stream/readable-browser.js' -> '//WALTERSOTELO-PC/SistemaObras/node_modules/concat-stream/node_modules/readable-stream/readable-browser.js' (351)
2022-11-23 13:53:33: Copiar Nueva 'D:/Marcos Muni/inspecobrasMdb/node_modules/concat-stream/node_modules/readable-stream/README.md' -> '//WALTERSOTELO-PC/SistemaObras/node_modules/concat-stream/node_modules/readable-stream/README.md' (2,999)
2022-11-23 13:53:33: Copiar Nueva 'D:/Marcos Muni/inspecobrasMdb/node_modules/concat-stream/node_modules/readable-stream/readable.js' -> '//WALTERSOTELO-PC/SistemaObras/node_modules/concat-stream/node_modules/readable-stream/readable.js' (771)
2022-11-23 13:53:33: Copiar Nueva 'D:/Marcos Muni/inspecobrasMdb/node_modules/concat-stream/node_modules/readable-stream/writable-browser.js' -> '//WALTERSOTELO-PC/SistemaObras/node_modules/concat-stream/node_modules/readable-stream/writable-browser.js' (55)
2022-11-23 13:53:33: Copiar Nueva 'D:/Marcos Muni/inspecobrasMdb/node_modules/concat-stream/node_modules/readable-stream/transform.js' -> '//WALTERSOTELO-PC/SistemaObras/node_modules/concat-stream/node_modules/readable-stream/transform.js' (49)
2022-11-23 13:53:33: Copiar Nueva 'D:/Marcos Muni/inspecobrasMdb/node_modules/concat-stream/node_modules/readable-stream/writable.js' -> '//WALTERSOTELO-PC/SistemaObras/node_modules/concat-stream/node_modules/readable-stream/writable.js' (229)
2022-11-23 13:53:33: Copiar Nueva 'D:/Marcos Muni/inspecobrasMdb/node_modules/concat-stream/node_modules/safe-buffer/index.js' -> '//WALTERSOTELO-PC/SistemaObras/node_modules/concat-stream/node_modules/safe-buffer/index.js' (1,529)
2022-11-23 13:53:33: Copiar Nueva 'D:/Marcos Muni/inspecobrasMdb/node_modules/concat-stream/node_modules/safe-buffer/LICENSE' -> '//WALTERSOTELO-PC/SistemaObras/node_modules/concat-stream/node_modules/safe-buffer/LICENSE' (1,081)
2022-11-23 13:53:33: Copiar Nueva 'D:/Marcos Muni/inspecobrasMdb/node_modules/concat-stream/node_modules/safe-buffer/index.d.ts' -> '//WALTERSOTELO-PC/SistemaObras/node_modules/concat-stream/node_modules/safe-buffer/index.d.ts' (8,738)
2022-11-23 13:53:33: Copiar Nueva 'D:/Marcos Muni/inspecobrasMdb/node_modules/concat-stream/node_modules/safe-buffer/package.json' -> '//WALTERSOTELO-PC/SistemaObras/node_modules/concat-stream/node_modules/safe-buffer/package.json' (783)
2022-11-23 13:53:34: Copiar Nueva 'D:/Marcos Muni/inspecobrasMdb/node_modules/concat-stream/node_modules/string_decoder/.travis.yml' -> '//WALTERSOTELO-PC/SistemaObras/node_modules/concat-stream/node_modules/string_decoder/.travis.yml' (899)
2022-11-23 13:53:34: Copiar Nueva 'D:/Marcos Muni/inspecobrasMdb/node_modules/concat-stream/node_modules/safe-buffer/README.md' -> '//WALTERSOTELO-PC/SistemaObras/node_modules/concat-stream/node_modules/safe-buffer/README.md' (19,555)
2022-11-23 13:53:34: Copiar Nueva 'D:/Marcos Muni/inspecobrasMdb/node_modules/concat-stream/node_modules/string_decoder/LICENSE' -> '//WALTERSOTELO-PC/SistemaObras/node_modules/concat-stream/node_modules/string_decoder/LICENSE' (2,338)
2022-11-23 13:53:34: Copiar Nueva 'D:/Marcos Muni/inspecobrasMdb/node_modules/concat-stream/node_modules/string_decoder/lib/string_decoder.js' -> '//WALTERSOTELO-PC/SistemaObras/node_modules/concat-stream/node_modules/string_decoder/lib/string_decoder.js' (9,465)
2022-11-23 13:53:34: Copiar Nueva 'D:/Marcos Muni/inspecobrasMdb/node_modules/concat-stream/node_modules/string_decoder/package.json' -> '//WALTERSOTELO-PC/SistemaObras/node_modules/concat-stream/node_modules/string_decoder/package.json' (795)
2022-11-23 13:53:34: Copiar Nueva 'D:/Marcos Muni/inspecobrasMdb/node_modules/concat-stream/package.json' -> '//WALTERSOTELO-PC/SistemaObras/node_modules/concat-stream/package.json' (1,187)
2022-11-23 13:53:34: Copiar Nueva 'D:/Marcos Muni/inspecobrasMdb/node_modules/concat-stream/node_modules/string_decoder/README.md' -> '//WALTERSOTELO-PC/SistemaObras/node_modules/concat-stream/node_modules/string_decoder/README.md' (1,801)
2022-11-23 13:53:34: Copiar Nueva 'D:/Marcos Muni/inspecobrasMdb/node_modules/concat-stream/readme.md' -> '//WALTERSOTELO-PC/SistemaObras/node_modules/concat-stream/readme.md' (3,510)
2022-11-23 13:53:34: Copiar Nueva 'D:/Marcos Muni/inspecobrasMdb/node_modules/morgan/HISTORY.md' -> '//WALTERSOTELO-PC/SistemaObras/node_modules/morgan/HISTORY.md' (5,429)
2022-11-23 13:53:34: Copiar Nueva 'D:/Marcos Muni/inspecobrasMdb/node_modules/morgan/LICENSE' -> '//WALTERSOTELO-PC/SistemaObras/node_modules/morgan/LICENSE' (1,172)
2022-11-23 13:53:34: Copiar Nueva 'D:/Marcos Muni/inspecobrasMdb/node_modules/morgan/index.js' -> '//WALTERSOTELO-PC/SistemaObras/node_modules/morgan/index.js' (10,765)
2022-11-23 13:53:34: Copiar Nueva 'D:/Marcos Muni/inspecobrasMdb/node_modules/morgan/node_modules/on-finished/HISTORY.md' -> '//WALTERSOTELO-PC/SistemaObras/node_modules/morgan/node_modules/on-finished/HISTORY.md' (1,694)
2022-11-23 13:53:34: Copiar Nueva 'D:/Marcos Muni/inspecobrasMdb/node_modules/morgan/node_modules/on-finished/LICENSE' -> '//WALTERSOTELO-PC/SistemaObras/node_modules/morgan/node_modules/on-finished/LICENSE' (1,167)
2022-11-23 13:53:34: Copiar Nueva 'D:/Marcos Muni/inspecobrasMdb/node_modules/morgan/node_modules/on-finished/index.js' -> '//WALTERSOTELO-PC/SistemaObras/node_modules/morgan/node_modules/on-finished/index.js' (3,686)
2022-11-23 13:53:34: Copiar Nueva 'D:/Marcos Muni/inspecobrasMdb/node_modules/morgan/node_modules/on-finished/package.json' -> '//WALTERSOTELO-PC/SistemaObras/node_modules/morgan/node_modules/on-finished/package.json' (878)
2022-11-23 13:53:34: Copiar Nueva 'D:/Marcos Muni/inspecobrasMdb/node_modules/morgan/package.json' -> '//WALTERSOTELO-PC/SistemaObras/node_modules/morgan/package.json' (1,284)
2022-11-23 13:53:34: Copiar Nueva 'D:/Marcos Muni/inspecobrasMdb/node_modules/morgan/node_modules/on-finished/README.md' -> '//WALTERSOTELO-PC/SistemaObras/node_modules/morgan/node_modules/on-finished/README.md' (4,886)
2022-11-23 13:53:34: Copiar Nueva 'D:/Marcos Muni/inspecobrasMdb/node_modules/morgan/README.md' -> '//WALTERSOTELO-PC/SistemaObras/node_modules/morgan/README.md' (11,056)
2022-11-23 13:53:34: Copiar Nueva 'D:/Marcos Muni/inspecobrasMdb/node_modules/multer/index.js' -> '//WALTERSOTELO-PC/SistemaObras/node_modules/multer/index.js' (2,594)
2022-11-23 13:53:34: Copiar Nueva 'D:/Marcos Muni/inspecobrasMdb/node_modules/multer/lib/counter.js' -> '//WALTERSOTELO-PC/SistemaObras/node_modules/multer/lib/counter.js' (570)
2022-11-23 13:53:34: Copiar Nueva 'D:/Marcos Muni/inspecobrasMdb/node_modules/multer/lib/file-appender.js' -> '//WALTERSOTELO-PC/SistemaObras/node_modules/multer/lib/file-appender.js' (1,666)
2022-11-23 13:53:34: Copiar Nueva 'D:/Marcos Muni/inspecobrasMdb/node_modules/multer/lib/make-middleware.js' -> '//WALTERSOTELO-PC/SistemaObras/node_modules/multer/lib/make-middleware.js' (5,152)
2022-11-23 13:53:34: Copiar Nueva 'D:/Marcos Muni/inspecobrasMdb/node_modules/multer/lib/multer-error.js' -> '//WALTERSOTELO-PC/SistemaObras/node_modules/multer/lib/multer-error.js' (659)
2022-11-23 13:53:34: Copiar Nueva 'D:/Marcos Muni/inspecobrasMdb/node_modules/multer/lib/remove-uploaded-files.js' -> '//WALTERSOTELO-PC/SistemaObras/node_modules/multer/lib/remove-uploaded-files.js' (542)
2022-11-23 13:53:34: Copiar Nueva 'D:/Marcos Muni/inspecobrasMdb/node_modules/multer/LICENSE' -> '//WALTERSOTELO-PC/SistemaObras/node_modules/multer/LICENSE' (1,113)
2022-11-23 13:53:34: Copiar Nueva 'D:/Marcos Muni/inspecobrasMdb/node_modules/multer/node_modules/.bin/mkdirp' -> '//WALTERSOTELO-PC/SistemaObras/node_modules/multer/node_modules/.bin/mkdirp' (302)
2022-11-23 13:53:34: Copiar Nueva 'D:/Marcos Muni/inspecobrasMdb/node_modules/multer/node_modules/.bin/mkdirp.cmd' -> '//WALTERSOTELO-PC/SistemaObras/node_modules/multer/node_modules/.bin/mkdirp.cmd' (322)
2022-11-23 13:53:34: Copiar Nueva 'D:/Marcos Muni/inspecobrasMdb/node_modules/multer/node_modules/.bin/mkdirp.ps1' -> '//WALTERSOTELO-PC/SistemaObras/node_modules/multer/node_modules/.bin/mkdirp.ps1' (793)
2022-11-23 13:53:34: Copiar Nueva 'D:/Marcos Muni/inspecobrasMdb/node_modules/multer/node_modules/mkdirp/bin/cmd.js' -> '//WALTERSOTELO-PC/SistemaObras/node_modules/multer/node_modules/mkdirp/bin/cmd.js' (731)
2022-11-23 13:53:34: Copiar Nueva 'D:/Marcos Muni/inspecobrasMdb/node_modules/multer/node_modules/mkdirp/bin/usage.txt' -> '//WALTERSOTELO-PC/SistemaObras/node_modules/multer/node_modules/mkdirp/bin/usage.txt' (315)
2022-11-23 13:53:34: Copiar Nueva 'D:/Marcos Muni/inspecobrasMdb/node_modules/multer/node_modules/mkdirp/LICENSE' -> '//WALTERSOTELO-PC/SistemaObras/node_modules/multer/node_modules/mkdirp/LICENSE' (1,141)
2022-11-23 13:53:34: Copiar Nueva 'D:/Marcos Muni/inspecobrasMdb/node_modules/multer/node_modules/mkdirp/index.js' -> '//WALTERSOTELO-PC/SistemaObras/node_modules/multer/node_modules/mkdirp/index.js' (2,825)
2022-11-23 13:53:34: Copiar Nueva 'D:/Marcos Muni/inspecobrasMdb/node_modules/multer/node_modules/mkdirp/package.json' -> '//WALTERSOTELO-PC/SistemaObras/node_modules/multer/node_modules/mkdirp/package.json' (623)
2022-11-23 13:53:34: Copiar Nueva 'D:/Marcos Muni/inspecobrasMdb/node_modules/multer/package.json' -> '//WALTERSOTELO-PC/SistemaObras/node_modules/multer/package.json' (1,128)
2022-11-23 13:53:34: Copiar Nueva 'D:/Marcos Muni/inspecobrasMdb/node_modules/multer/node_modules/mkdirp/readme.markdown' -> '//WALTERSOTELO-PC/SistemaObras/node_modules/multer/node_modules/mkdirp/readme.markdown' (2,053)
2022-11-23 13:53:34: Copiar Nueva 'D:/Marcos Muni/inspecobrasMdb/node_modules/multer/README.md' -> '//WALTERSOTELO-PC/SistemaObras/node_modules/multer/README.md' (12,124)
2022-11-23 13:53:34: Copiar Nueva 'D:/Marcos Muni/inspecobrasMdb/node_modules/multer/storage/disk.js' -> '//WALTERSOTELO-PC/SistemaObras/node_modules/multer/storage/disk.js' (1,615)
2022-11-23 13:53:34: Copiar Nueva 'D:/Marcos Muni/inspecobrasMdb/node_modules/multer/storage/memory.js' -> '//WALTERSOTELO-PC/SistemaObras/node_modules/multer/storage/memory.js' (475)
2022-11-23 13:53:34: Copiar Nueva 'D:/Marcos Muni/inspecobrasMdb/node_modules/streamsearch/.eslintrc.js' -> '//WALTERSOTELO-PC/SistemaObras/node_modules/streamsearch/.eslintrc.js' (73)
2022-11-23 13:53:34: Copiar Nueva 'D:/Marcos Muni/inspecobrasMdb/node_modules/streamsearch/.github/workflows/lint.yml' -> '//WALTERSOTELO-PC/SistemaObras/node_modules/streamsearch/.github/workflows/lint.yml' (471)
2022-11-23 13:53:34: Copiar Nueva 'D:/Marcos Muni/inspecobrasMdb/node_modules/streamsearch/.github/workflows/ci.yml' -> '//WALTERSOTELO-PC/SistemaObras/node_modules/streamsearch/.github/workflows/ci.yml' (509)
2022-11-23 13:53:34: Copiar Nueva 'D:/Marcos Muni/inspecobrasMdb/node_modules/streamsearch/lib/sbmh.js' -> '//WALTERSOTELO-PC/SistemaObras/node_modules/streamsearch/lib/sbmh.js' (9,501)
2022-11-23 13:53:34: Copiar Nueva 'D:/Marcos Muni/inspecobrasMdb/node_modules/streamsearch/LICENSE' -> '//WALTERSOTELO-PC/SistemaObras/node_modules/streamsearch/LICENSE' (1,085)
2022-11-23 13:53:34: Copiar Nueva 'D:/Marcos Muni/inspecobrasMdb/node_modules/streamsearch/package.json' -> '//WALTERSOTELO-PC/SistemaObras/node_modules/streamsearch/package.json' (842)
2022-11-23 13:53:34: Copiar Nueva 'D:/Marcos Muni/inspecobrasMdb/node_modules/typedarray/.travis.yml' -> '//WALTERSOTELO-PC/SistemaObras/node_modules/typedarray/.travis.yml' (48)
2022-11-23 13:53:34: Copiar Nueva 'D:/Marcos Muni/inspecobrasMdb/node_modules/streamsearch/README.md' -> '//WALTERSOTELO-PC/SistemaObras/node_modules/streamsearch/README.md' (2,696)
2022-11-23 13:53:34: Copiar Nueva 'D:/Marcos Muni/inspecobrasMdb/node_modules/streamsearch/test/test.js' -> '//WALTERSOTELO-PC/SistemaObras/node_modules/streamsearch/test/test.js' (1,398)
2022-11-23 13:53:34: Copiar Nueva 'D:/Marcos Muni/inspecobrasMdb/node_modules/typedarray/example/tarray.js' -> '//WALTERSOTELO-PC/SistemaObras/node_modules/typedarray/example/tarray.js' (110)
2022-11-23 13:53:34: Copiar Nueva 'D:/Marcos Muni/inspecobrasMdb/node_modules/typedarray/LICENSE' -> '//WALTERSOTELO-PC/SistemaObras/node_modules/typedarray/LICENSE' (1,565)
2022-11-23 13:53:34: Copiar Nueva 'D:/Marcos Muni/inspecobrasMdb/node_modules/typedarray/package.json' -> '//WALTERSOTELO-PC/SistemaObras/node_modules/typedarray/package.json' (1,162)
2022-11-23 13:53:34: Copiar Nueva 'D:/Marcos Muni/inspecobrasMdb/node_modules/typedarray/index.js' -> '//WALTERSOTELO-PC/SistemaObras/node_modules/typedarray/index.js' (21,325)
2022-11-23 13:53:34: Copiar Nueva 'D:/Marcos Muni/inspecobrasMdb/node_modules/typedarray/readme.markdown' -> '//WALTERSOTELO-PC/SistemaObras/node_modules/typedarray/readme.markdown' (1,060)
2022-11-23 13:53:34: Copiar Nueva 'D:/Marcos Muni/inspecobrasMdb/node_modules/typedarray/test/server/undef_globals.js' -> '//WALTERSOTELO-PC/SistemaObras/node_modules/typedarray/test/server/undef_globals.js' (468)
2022-11-23 13:53:34: Copiar Nueva 'D:/Marcos Muni/inspecobrasMdb/node_modules/xtend/.jshintrc' -> '//WALTERSOTELO-PC/SistemaObras/node_modules/xtend/.jshintrc' (545)
2022-11-23 13:53:34: Copiar Nueva 'D:/Marcos Muni/inspecobrasMdb/node_modules/typedarray/test/tarray.js' -> '//WALTERSOTELO-PC/SistemaObras/node_modules/typedarray/test/tarray.js' (217)
2022-11-23 13:53:34: Copiar Nueva 'D:/Marcos Muni/inspecobrasMdb/node_modules/xtend/immutable.js' -> '//WALTERSOTELO-PC/SistemaObras/node_modules/xtend/immutable.js' (384)
2022-11-23 13:53:34: Copiar Nueva 'D:/Marcos Muni/inspecobrasMdb/node_modules/xtend/LICENSE' -> '//WALTERSOTELO-PC/SistemaObras/node_modules/xtend/LICENSE' (1,078)
2022-11-23 13:53:34: Copiar Nueva 'D:/Marcos Muni/inspecobrasMdb/node_modules/xtend/mutable.js' -> '//WALTERSOTELO-PC/SistemaObras/node_modules/xtend/mutable.js' (369)
2022-11-23 13:53:34: Copiar Nueva 'D:/Marcos Muni/inspecobrasMdb/node_modules/xtend/package.json' -> '//WALTERSOTELO-PC/SistemaObras/node_modules/xtend/package.json' (1,056)
2022-11-23 13:53:34: Copiar Nueva 'D:/Marcos Muni/inspecobrasMdb/node_modules/xtend/README.md' -> '//WALTERSOTELO-PC/SistemaObras/node_modules/xtend/README.md' (726)
2022-11-23 13:53:34: Copiar Nueva 'D:/Marcos Muni/inspecobrasMdb/node_modules/xtend/test.js' -> '//WALTERSOTELO-PC/SistemaObras/node_modules/xtend/test.js' (2,307)
2022-11-23 13:53:34: Copiar Sobre 'D:/Marcos Muni/inspecobrasMdb/package.json' -> '//WALTERSOTELO-PC/SistemaObras/package.json' (767)
2022-11-23 13:53:34: Copiar Sobre 'D:/Marcos Muni/inspecobrasMdb/package-lock.json' -> '//WALTERSOTELO-PC/SistemaObras/package-lock.json' (338,057)
2022-11-23 13:53:34: Copiar Sobre 'D:/Marcos Muni/inspecobrasMdb/src/models/infraccion.js' -> '//WALTERSOTELO-PC/SistemaObras/src/models/infraccion.js' (3,919)
2022-11-23 13:53:34: Copiar Sobre 'D:/Marcos Muni/inspecobrasMdb/src/public/css/main.css' -> '//WALTERSOTELO-PC/SistemaObras/src/public/css/main.css' (171)
2022-11-23 13:53:34: Copiar Sobre 'D:/Marcos Muni/inspecobrasMdb/src/routes/notes.js' -> '//WALTERSOTELO-PC/SistemaObras/src/routes/notes.js' (31,302)
2022-11-23 13:53:34: Copiar Sobre 'D:/Marcos Muni/inspecobrasMdb/src/views/notes/editintimacion.hbs' -> '//WALTERSOTELO-PC/SistemaObras/src/views/notes/editintimacion.hbs' (5,378)
2022-11-23 13:53:34: Copiar Sobre 'D:/Marcos Muni/inspecobrasMdb/src/views/notes/editinfraccion.hbs' -> '//WALTERSOTELO-PC/SistemaObras/src/views/notes/editinfraccion.hbs' (7,526)
2022-11-23 13:53:34: Copiar Sobre 'D:/Marcos Muni/inspecobrasMdb/src/views/notes/editnote.hbs' -> '//WALTERSOTELO-PC/SistemaObras/src/views/notes/editnote.hbs' (6,271)
2022-11-23 13:53:34: Copiar Sobre 'D:/Marcos Muni/inspecobrasMdb/src/views/notes/findestadistica.hbs' -> '//WALTERSOTELO-PC/SistemaObras/src/views/notes/findestadistica.hbs' (3,617)
2022-11-23 13:53:34: Copiar Sobre 'D:/Marcos Muni/inspecobrasMdb/src/views/notes/findinfraccion.hbs' -> '//WALTERSOTELO-PC/SistemaObras/src/views/notes/findinfraccion.hbs' (3,770)
2022-11-23 13:53:34: Copiar Sobre 'D:/Marcos Muni/inspecobrasMdb/src/views/notes/findinspeccion.hbs' -> '//WALTERSOTELO-PC/SistemaObras/src/views/notes/findinspeccion.hbs' (3,325)
2022-11-23 13:53:34: Copiar Sobre 'D:/Marcos Muni/inspecobrasMdb/src/views/notes/listestadistica.hbs' -> '//WALTERSOTELO-PC/SistemaObras/src/views/notes/listestadistica.hbs' (2,249)
2022-11-23 13:53:34: Copiar Sobre 'D:/Marcos Muni/inspecobrasMdb/src/views/notes/listintimacion.hbs' -> '//WALTERSOTELO-PC/SistemaObras/src/views/notes/listintimacion.hbs' (6,264)
2022-11-23 13:53:34: Copiar Sobre 'D:/Marcos Muni/inspecobrasMdb/src/views/notes/listinfraccion.hbs' -> '//WALTERSOTELO-PC/SistemaObras/src/views/notes/listinfraccion.hbs' (8,498)
2022-11-23 13:53:34: Copiar Sobre 'D:/Marcos Muni/inspecobrasMdb/src/views/notes/listnote.hbs' -> '//WALTERSOTELO-PC/SistemaObras/src/views/notes/listnote.hbs' (8,000)
2022-11-23 13:53:34: Copiar Sobre 'D:/Marcos Muni/inspecobrasMdb/src/views/notes/newnotes.hbs' -> '//WALTERSOTELO-PC/SistemaObras/src/views/notes/newnotes.hbs' (6,706)
2022-11-23 13:53:35: == Sinc. Completa. Tiempo: 00:00:04, Velocidad: 5.28 MB/s, OK: 315, Errores: 0
