2022-11-09 13:32:28: == Sinc. comenzada por User Command
2022-11-09 13:32:28: Crear Carpeta //WALTERSOTELO-PC/SistemaObras/src/views/css
2022-11-09 13:32:28: Copiar Nueva 'D:/Marcos Muni/inspecobrasMdb/src/models/expediente.js' -> '//WALTERSOTELO-PC/SistemaObras/src/models/expediente.js' (2,921)
2022-11-09 13:32:28: Copiar Sobre 'D:/Marcos Muni/inspecobrasMdb/src/index.js' -> '//WALTERSOTELO-PC/SistemaObras/src/index.js' (2,223)
2022-11-09 13:32:28: Copiar Sobre 'D:/Marcos Muni/inspecobrasMdb/src/models/Note.js' -> '//WALTERSOTELO-PC/SistemaObras/src/models/Note.js' (3,505)
2022-11-09 13:32:28: Copiar Nueva 'D:/Marcos Muni/inspecobrasMdb/src/public/css/img/logoMunitrans.png' -> '//WALTERSOTELO-PC/SistemaObras/src/public/css/img/logoMunitrans.png' (40,858)
2022-11-09 13:32:28: Copiar Nueva 'D:/Marcos Muni/inspecobrasMdb/src/views/css/styles.css' -> '//WALTERSOTELO-PC/SistemaObras/src/views/css/styles.css' (152)
2022-11-09 13:32:28: Copiar Sobre 'D:/Marcos Muni/inspecobrasMdb/src/routes/notes.js' -> '//WALTERSOTELO-PC/SistemaObras/src/routes/notes.js' (21,413)
2022-11-09 13:32:28: Copiar Sobre 'D:/Marcos Muni/inspecobrasMdb/src/views/index.hbs' -> '//WALTERSOTELO-PC/SistemaObras/src/views/index.hbs' (1,143)
2022-11-09 13:32:28: Copiar Nueva 'D:/Marcos Muni/inspecobrasMdb/src/views/notes/allexpedientes.hbs' -> '//WALTERSOTELO-PC/SistemaObras/src/views/notes/allexpedientes.hbs' (3,862)
2022-11-09 13:32:28: Copiar Sobre 'D:/Marcos Muni/inspecobrasMdb/src/views/notes/allestadistica.hbs' -> '//WALTERSOTELO-PC/SistemaObras/src/views/notes/allestadistica.hbs' (3,732)
2022-11-09 13:32:29: Copiar Sobre 'D:/Marcos Muni/inspecobrasMdb/src/views/layouts/main.hbs' -> '//WALTERSOTELO-PC/SistemaObras/src/views/layouts/main.hbs' (4,099)
2022-11-09 13:32:29: Copiar Sobre 'D:/Marcos Muni/inspecobrasMdb/src/views/notes/allinfracc.hbs' -> '//WALTERSOTELO-PC/SistemaObras/src/views/notes/allinfracc.hbs' (3,909)
2022-11-09 13:32:29: Copiar Sobre 'D:/Marcos Muni/inspecobrasMdb/src/views/notes/allintim.hbs' -> '//WALTERSOTELO-PC/SistemaObras/src/views/notes/allintim.hbs' (2,671)
2022-11-09 13:32:29: Copiar Sobre 'D:/Marcos Muni/inspecobrasMdb/src/views/notes/allmesaentrada.hbs' -> '//WALTERSOTELO-PC/SistemaObras/src/views/notes/allmesaentrada.hbs' (3,029)
2022-11-09 13:32:29: Copiar Sobre 'D:/Marcos Muni/inspecobrasMdb/src/views/notes/allnotes.hbs' -> '//WALTERSOTELO-PC/SistemaObras/src/views/notes/allnotes.hbs' (3,585)
2022-11-09 13:32:29: Copiar Nueva 'D:/Marcos Muni/inspecobrasMdb/src/views/notes/editexpediente.hbs' -> '//WALTERSOTELO-PC/SistemaObras/src/views/notes/editexpediente.hbs' (6,913)
2022-11-09 13:32:29: Copiar Sobre 'D:/Marcos Muni/inspecobrasMdb/src/views/notes/editinfraccion.hbs' -> '//WALTERSOTELO-PC/SistemaObras/src/views/notes/editinfraccion.hbs' (7,519)
2022-11-09 13:32:29: Copiar Sobre 'D:/Marcos Muni/inspecobrasMdb/src/views/notes/editintimacion.hbs' -> '//WALTERSOTELO-PC/SistemaObras/src/views/notes/editintimacion.hbs' (5,384)
2022-11-09 13:32:29: Copiar Sobre 'D:/Marcos Muni/inspecobrasMdb/src/views/notes/editnote.hbs' -> '//WALTERSOTELO-PC/SistemaObras/src/views/notes/editnote.hbs' (6,278)
2022-11-09 13:32:29: Copiar Sobre 'D:/Marcos Muni/inspecobrasMdb/src/views/notes/listestadistica.hbs' -> '//WALTERSOTELO-PC/SistemaObras/src/views/notes/listestadistica.hbs' (2,249)
2022-11-09 13:32:29: Copiar Nueva 'D:/Marcos Muni/inspecobrasMdb/src/views/notes/listexpediente.hbs' -> '//WALTERSOTELO-PC/SistemaObras/src/views/notes/listexpediente.hbs' (7,641)
2022-11-09 13:32:29: Copiar Sobre 'D:/Marcos Muni/inspecobrasMdb/src/views/notes/listintimacion.hbs' -> '//WALTERSOTELO-PC/SistemaObras/src/views/notes/listintimacion.hbs' (6,270)
2022-11-09 13:32:29: Copiar Sobre 'D:/Marcos Muni/inspecobrasMdb/src/views/notes/listnote.hbs' -> '//WALTERSOTELO-PC/SistemaObras/src/views/notes/listnote.hbs' (7,982)
2022-11-09 13:32:29: Copiar Sobre 'D:/Marcos Muni/inspecobrasMdb/src/views/notes/listinfraccion.hbs' -> '//WALTERSOTELO-PC/SistemaObras/src/views/notes/listinfraccion.hbs' (8,501)
2022-11-09 13:32:29: Copiar Nueva 'D:/Marcos Muni/inspecobrasMdb/src/views/notes/newexpedientes.hbs' -> '//WALTERSOTELO-PC/SistemaObras/src/views/notes/newexpedientes.hbs' (5,615)
2022-11-09 13:32:29: Copiar Sobre 'D:/Marcos Muni/inspecobrasMdb/src/views/notes/newinfracciones.hbs' -> '//WALTERSOTELO-PC/SistemaObras/src/views/notes/newinfracciones.hbs' (6,563)
2022-11-09 13:32:29: Copiar Sobre 'D:/Marcos Muni/inspecobrasMdb/src/views/partials/navigation.hbs' -> '//WALTERSOTELO-PC/SistemaObras/src/views/partials/navigation.hbs' (8,242)
2022-11-09 13:32:29: Copiar Sobre 'D:/Marcos Muni/inspecobrasMdb/src/views/users/signin.hbs' -> '//WALTERSOTELO-PC/SistemaObras/src/views/users/signin.hbs' (3,459)
2022-11-09 13:32:29: == Sinc. Completa. Tiempo: 00:00:01, Velocidad: 0.00/s, OK: 28, Errores: 0
