2022-12-05 12:44:48: == Sinc. comenzada por User Command
2022-12-05 12:44:49: Copiar Nueva 'D:/Marcos Muni/inspecobrasMdb/src/public/img/uploads/1670254437826.jpg' -> '//WALTERSOTELO-PC/SistemaObras/src/public/img/uploads/1670254437826.jpg' (69,193)
2022-12-05 12:44:49: Copiar Nueva 'D:/Marcos Muni/inspecobrasMdb/src/public/img/uploads/1670254616298.jpg' -> '//WALTERSOTELO-PC/SistemaObras/src/public/img/uploads/1670254616298.jpg' (1,384,569)
2022-12-05 12:44:49: Copiar Sobre 'D:/Marcos Muni/inspecobrasMdb/src/models/estadistica.js' -> '//WALTERSOTELO-PC/SistemaObras/src/models/estadistica.js' (2,906)
2022-12-05 12:44:49: Copiar Nueva 'D:/Marcos Muni/inspecobrasMdb/src/public/img/uploads/1670254616379.jpg' -> '//WALTERSOTELO-PC/SistemaObras/src/public/img/uploads/1670254616379.jpg' (517,593)
2022-12-05 12:44:49: Copiar Nueva 'D:/Marcos Muni/inspecobrasMdb/src/public/img/uploads/1670254616330.png' -> '//WALTERSOTELO-PC/SistemaObras/src/public/img/uploads/1670254616330.png' (1,753,195)
2022-12-05 12:44:49: Copiar Nueva 'D:/Marcos Muni/inspecobrasMdb/src/public/img/uploads/1670254616397.jpg' -> '//WALTERSOTELO-PC/SistemaObras/src/public/img/uploads/1670254616397.jpg' (683,712)
2022-12-05 12:44:49: Copiar Nueva 'D:/Marcos Muni/inspecobrasMdb/src/public/img/uploads/1670254616414.jpg' -> '//WALTERSOTELO-PC/SistemaObras/src/public/img/uploads/1670254616414.jpg' (638,707)
2022-12-05 12:44:49: Copiar Nueva 'D:/Marcos Muni/inspecobrasMdb/src/public/img/uploads/1670254616428.jpg' -> '//WALTERSOTELO-PC/SistemaObras/src/public/img/uploads/1670254616428.jpg' (2,042,989)
2022-12-05 12:44:49: Copiar Nueva 'D:/Marcos Muni/inspecobrasMdb/src/public/img/uploads/1670254616469.jpg' -> '//WALTERSOTELO-PC/SistemaObras/src/public/img/uploads/1670254616469.jpg' (3,961,476)
2022-12-05 12:44:50: Copiar Nueva 'D:/Marcos Muni/inspecobrasMdb/src/public/img/uploads/1670254616527.jpg' -> '//WALTERSOTELO-PC/SistemaObras/src/public/img/uploads/1670254616527.jpg' (451,841)
2022-12-05 12:44:50: Copiar Nueva 'D:/Marcos Muni/inspecobrasMdb/src/public/img/uploads/1670254876825.jpg' -> '//WALTERSOTELO-PC/SistemaObras/src/public/img/uploads/1670254876825.jpg' (2,042,989)
2022-12-05 12:44:50: Copiar Nueva 'D:/Marcos Muni/inspecobrasMdb/src/public/img/uploads/1670254876805.jpg' -> '//WALTERSOTELO-PC/SistemaObras/src/public/img/uploads/1670254876805.jpg' (638,707)
2022-12-05 12:44:50: Copiar Nueva 'D:/Marcos Muni/inspecobrasMdb/src/public/img/uploads/1670254876974.jpg' -> '//WALTERSOTELO-PC/SistemaObras/src/public/img/uploads/1670254876974.jpg' (451,841)
2022-12-05 12:44:50: Copiar Nueva 'D:/Marcos Muni/inspecobrasMdb/src/public/img/uploads/1670254958854.jpg' -> '//WALTERSOTELO-PC/SistemaObras/src/public/img/uploads/1670254958854.jpg' (775,293)
2022-12-05 12:44:50: Copiar Nueva 'D:/Marcos Muni/inspecobrasMdb/src/public/img/uploads/1670254876878.jpg' -> '//WALTERSOTELO-PC/SistemaObras/src/public/img/uploads/1670254876878.jpg' (3,961,476)
2022-12-05 12:44:51: Copiar Nueva 'D:/Marcos Muni/inspecobrasMdb/src/public/img/uploads/1670255010054.jpg' -> '//WALTERSOTELO-PC/SistemaObras/src/public/img/uploads/1670255010054.jpg' (3,961,476)
2022-12-05 12:44:51: Copiar Nueva 'D:/Marcos Muni/inspecobrasMdb/src/public/img/uploads/1670255009987.jpg' -> '//WALTERSOTELO-PC/SistemaObras/src/public/img/uploads/1670255009987.jpg' (638,707)
2022-12-05 12:44:51: Copiar Nueva 'D:/Marcos Muni/inspecobrasMdb/src/public/img/uploads/1670255010004.jpg' -> '//WALTERSOTELO-PC/SistemaObras/src/public/img/uploads/1670255010004.jpg' (2,042,989)
2022-12-05 12:44:51: Copiar Nueva 'D:/Marcos Muni/inspecobrasMdb/src/public/img/uploads/1670255010175.jpg' -> '//WALTERSOTELO-PC/SistemaObras/src/public/img/uploads/1670255010175.jpg' (553,872)
2022-12-05 12:44:51: Copiar Nueva 'D:/Marcos Muni/inspecobrasMdb/src/public/img/uploads/1670255010142.jpg' -> '//WALTERSOTELO-PC/SistemaObras/src/public/img/uploads/1670255010142.jpg' (2,332,029)
2022-12-05 12:44:51: Copiar Nueva 'D:/Marcos Muni/inspecobrasMdb/src/public/img/uploads/1670255010130.jpg' -> '//WALTERSOTELO-PC/SistemaObras/src/public/img/uploads/1670255010130.jpg' (451,841)
2022-12-05 12:44:51: Copiar Nueva 'D:/Marcos Muni/inspecobrasMdb/src/public/img/uploads/1670255010185.jpg' -> '//WALTERSOTELO-PC/SistemaObras/src/public/img/uploads/1670255010185.jpg' (414,141)
2022-12-05 12:44:51: Copiar Nueva 'D:/Marcos Muni/inspecobrasMdb/src/public/img/uploads/1670255010199.jpg' -> '//WALTERSOTELO-PC/SistemaObras/src/public/img/uploads/1670255010199.jpg' (775,293)
2022-12-05 12:44:51: Copiar Sobre 'D:/Marcos Muni/inspecobrasMdb/src/routes/notes.js' -> '//WALTERSOTELO-PC/SistemaObras/src/routes/notes.js' (38,329)
2022-12-05 12:44:51: Copiar Sobre 'D:/Marcos Muni/inspecobrasMdb/src/views/notes/listestadistica.hbs' -> '//WALTERSOTELO-PC/SistemaObras/src/views/notes/listestadistica.hbs' (4,710)
2022-12-05 12:44:52: == Sinc. Completa. Tiempo: 00:00:04, Velocidad: 10.25 MB/s, OK: 25, Errores: 0
